#
# There is insufficient memory for the Java Runtime Environment to continue.
# Native memory allocation (mmap) failed to map 65536 bytes for Failed to commit metaspace.
# Possible reasons:
#   The system is out of physical RAM or swap space
#   The process is running with CompressedOops enabled, and the Java Heap may be blocking the growth of the native heap
# Possible solutions:
#   Reduce memory load on the system
#   Increase physical memory or swap space
#   Check if swap backing store is full
#   Decrease Java heap size (-Xmx/-Xms)
#   Decrease number of Java threads
#   Decrease Java thread stack sizes (-Xss)
#   Set larger code cache with -XX:ReservedCodeCacheSize=
#   JVM is running with Unscaled Compressed Oops mode in which the Java heap is
#     placed in the first 4GB address space. The Java Heap base address is the
#     maximum limit for the native heap growth. Please use -XX:HeapBaseMinAddress
#     to set the Java Heap base and to place the Java Heap above 4GB virtual address.
# This output file may be truncated or incomplete.
#
#  Out of Memory Error (virtualSpaceNode.cpp:110), pid=3720, tid=12356
#
# JRE version: OpenJDK Runtime Environment (19.0.1+10) (build 19.0.1+10-21)
# Java VM: OpenJDK 64-Bit Server VM (19.0.1+10-21, mixed mode, emulated-client, sharing, tiered, compressed oops, compressed class ptrs, g1 gc, windows-amd64)
# No core dump will be written. Minidumps are not enabled by default on client versions of Windows
#

---------------  S U M M A R Y ------------

Command Line: -XX:TieredStopAtLevel=1 -Dspring.output.ansi.enabled=always -Dcom.sun.management.jmxremote -Dspring.jmx.enabled=true -Dspring.liveBeansView.mbeanDomain -Dspring.application.admin.enabled=true -javaagent:C:\Program Files\JetBrains\IntelliJ IDEA 2022.2.3\lib\idea_rt.jar=58389:C:\Program Files\JetBrains\IntelliJ IDEA 2022.2.3\bin -Dfile.encoding=UTF-8 -Dsun.stdout.encoding=UTF-8 -Dsun.stderr.encoding=UTF-8 by.ahmed.sweeterapp.SweeterAppApplication

Host: Intel(R) Pentium(R) CPU 6405U @ 2.40GHz, 4 cores, 3G,  Windows 10 , 64 bit Build 19041 (10.0.19041.3031)
Time: Wed Jul  5 00:14:42 2023  Windows 10 , 64 bit Build 19041 (10.0.19041.3031) elapsed time: 7.324708 seconds (0d 0h 0m 7s)

---------------  T H R E A D  ---------------

Current thread (0x00000280686e6c70):  JavaThread "restartedMain" [_thread_in_vm, id=12356, stack(0x000000d17d900000,0x000000d17da00000)]

Stack: [0x000000d17d900000,0x000000d17da00000]
Native frames: (J=compiled Java code, j=interpreted, Vv=VM code, C=native code)
V  [jvm.dll+0x6ee8fa]
V  [jvm.dll+0x857a1e]
V  [jvm.dll+0x85940e]
V  [jvm.dll+0x859ac3]
V  [jvm.dll+0x28291f]
V  [jvm.dll+0x85369b]
V  [jvm.dll+0x693276]
V  [jvm.dll+0x1f29b7]
V  [jvm.dll+0x695cb2]
V  [jvm.dll+0x695a9e]
V  [jvm.dll+0x693c9e]
V  [jvm.dll+0x26e07f]
V  [jvm.dll+0x69e305]
V  [jvm.dll+0x21df42]
V  [jvm.dll+0x21e475]
V  [jvm.dll+0x21edd1]
V  [jvm.dll+0x214571]
V  [jvm.dll+0x5aa2d6]
V  [jvm.dll+0x7cd793]
V  [jvm.dll+0x7cd874]
V  [jvm.dll+0x46b0b4]
V  [jvm.dll+0x4706bf]
C  [java.dll+0x17ec]

Java frames: (J=compiled Java code, j=interpreted, Vv=VM code)
J 1359  java.lang.ClassLoader.defineClass1(Ljava/lang/ClassLoader;Ljava/lang/String;[BIILjava/security/ProtectionDomain;Ljava/lang/String;)Ljava/lang/Class; java.base@19.0.1 (0 bytes) @ 0x000002805c678c83 [0x000002805c678bc0+0x00000000000000c3]
J 1406 c1 java.lang.ClassLoader.defineClass(Ljava/lang/String;[BIILjava/security/ProtectionDomain;)Ljava/lang/Class; java.base@19.0.1 (43 bytes) @ 0x000002805c68b05c [0x000002805c68af60+0x00000000000000fc]
J 1395 c1 jdk.internal.loader.BuiltinClassLoader.defineClass(Ljava/lang/String;Ljdk/internal/loader/Resource;)Ljava/lang/Class; java.base@19.0.1 (121 bytes) @ 0x000002805c687764 [0x000002805c6872a0+0x00000000000004c4]
J 1368 c1 jdk.internal.loader.BuiltinClassLoader.findClassOnClassPathOrNull(Ljava/lang/String;)Ljava/lang/Class; java.base@19.0.1 (64 bytes) @ 0x000002805c67ecd4 [0x000002805c67ea40+0x0000000000000294]
J 1193 c1 jdk.internal.loader.BuiltinClassLoader.loadClassOrNull(Ljava/lang/String;Z)Ljava/lang/Class; java.base@19.0.1 (143 bytes) @ 0x000002805c629b0c [0x000002805c629760+0x00000000000003ac]
J 1258 c1 jdk.internal.loader.ClassLoaders$AppClassLoader.loadClass(Ljava/lang/String;Z)Ljava/lang/Class; java.base@19.0.1 (40 bytes) @ 0x000002805c64ac7c [0x000002805c64ac40+0x000000000000003c]
J 1251 c1 java.lang.ClassLoader.loadClass(Ljava/lang/String;)Ljava/lang/Class; java.base@19.0.1 (7 bytes) @ 0x000002805c647504 [0x000002805c6474c0+0x0000000000000044]
v  ~StubRoutines::call_stub 0x000002805c371016
j  org.springframework.asm.ClassReader.accept(Lorg/springframework/asm/ClassVisitor;I)V+3
j  org.springframework.core.type.classreading.SimpleMetadataReader.<init>(Lorg/springframework/core/io/Resource;Ljava/lang/ClassLoader;)V+20
j  org.springframework.core.type.classreading.SimpleMetadataReaderFactory.getMetadataReader(Lorg/springframework/core/io/Resource;)Lorg/springframework/core/type/classreading/MetadataReader;+14
j  org.springframework.core.type.classreading.CachingMetadataReaderFactory.getMetadataReader(Lorg/springframework/core/io/Resource;)Lorg/springframework/core/type/classreading/MetadataReader;+30
j  org.springframework.context.annotation.ClassPathScanningCandidateComponentProvider.scanCandidateComponents(Ljava/lang/String;)Ljava/util/Set;+138
j  org.springframework.context.annotation.ClassPathScanningCandidateComponentProvider.findCandidateComponents(Ljava/lang/String;)Ljava/util/Set;+26
j  org.springframework.context.annotation.ClassPathBeanDefinitionScanner.doScan([Ljava/lang/String;)Ljava/util/Set;+39
j  org.springframework.context.annotation.ComponentScanAnnotationParser.parse(Lorg/springframework/core/annotation/AnnotationAttributes;Ljava/lang/String;)Ljava/util/Set;+508
j  org.springframework.context.annotation.ConfigurationClassParser.doProcessConfigurationClass(Lorg/springframework/context/annotation/ConfigurationClass;Lorg/springframework/context/annotation/ConfigurationClassParser$SourceClass;Ljava/util/function/Predicate;)Lorg/springframework/context/annotation/ConfigurationClassParser$SourceClass;+200
j  org.springframework.context.annotation.ConfigurationClassParser.processConfigurationClass(Lorg/springframework/context/annotation/ConfigurationClass;Ljava/util/function/Predicate;)V+106
j  org.springframework.context.annotation.ConfigurationClassParser.parse(Lorg/springframework/core/type/AnnotationMetadata;Ljava/lang/String;)V+13
j  org.springframework.context.annotation.ConfigurationClassParser.parse(Ljava/util/Set;)V+59
j  org.springframework.context.annotation.ConfigurationClassPostProcessor.processConfigBeanDefinitions(Lorg/springframework/beans/factory/support/BeanDefinitionRegistry;)V+301
j  org.springframework.context.annotation.ConfigurationClassPostProcessor.postProcessBeanDefinitionRegistry(Lorg/springframework/beans/factory/support/BeanDefinitionRegistry;)V+81
j  org.springframework.context.support.PostProcessorRegistrationDelegate.invokeBeanDefinitionRegistryPostProcessors(Ljava/util/Collection;Lorg/springframework/beans/factory/support/BeanDefinitionRegistry;Lorg/springframework/core/metrics/ApplicationStartup;)V+59
j  org.springframework.context.support.PostProcessorRegistrationDelegate.invokeBeanFactoryPostProcessors(Lorg/springframework/beans/factory/config/ConfigurableListableBeanFactory;Ljava/util/List;)V+238
j  org.springframework.context.support.AbstractApplicationContext.invokeBeanFactoryPostProcessors(Lorg/springframework/beans/factory/config/ConfigurableListableBeanFactory;)V+5
j  org.springframework.context.support.AbstractApplicationContext.refresh()V+53
j  org.springframework.boot.web.servlet.context.ServletWebServerApplicationContext.refresh()V+1
j  org.springframework.boot.SpringApplication.refresh(Lorg/springframework/context/ConfigurableApplicationContext;)V+1
j  org.springframework.boot.SpringApplication.refreshContext(Lorg/springframework/context/ConfigurableApplicationContext;)V+16
j  org.springframework.boot.SpringApplication.run([Ljava/lang/String;)Lorg/springframework/context/ConfigurableApplicationContext;+101
j  org.springframework.boot.SpringApplication.run([Ljava/lang/Class;[Ljava/lang/String;)Lorg/springframework/context/ConfigurableApplicationContext;+9
j  org.springframework.boot.SpringApplication.run(Ljava/lang/Class;[Ljava/lang/String;)Lorg/springframework/context/ConfigurableApplicationContext;+9
j  by.ahmed.sweeterapp.SweeterAppApplication.main([Ljava/lang/String;)V+3
j  java.lang.invoke.LambdaForm$DMH+0x0000000801003400.invokeStatic(Ljava/lang/Object;Ljava/lang/Object;)V+10 java.base@19.0.1
j  java.lang.invoke.LambdaForm$MH+0x0000000801115000.invoke(Ljava/lang/Object;Ljava/lang/Object;Ljava/lang/Object;)Ljava/lang/Object;+33 java.base@19.0.1
j  java.lang.invoke.Invokers$Holder.invokeExact_MT(Ljava/lang/Object;Ljava/lang/Object;Ljava/lang/Object;Ljava/lang/Object;)Ljava/lang/Object;+20 java.base@19.0.1
j  jdk.internal.reflect.DirectMethodHandleAccessor.invokeImpl(Ljava/lang/Object;[Ljava/lang/Object;)Ljava/lang/Object;+55 java.base@19.0.1
j  jdk.internal.reflect.DirectMethodHandleAccessor.invoke(Ljava/lang/Object;[Ljava/lang/Object;)Ljava/lang/Object;+23 java.base@19.0.1
j  java.lang.reflect.Method.invoke(Ljava/lang/Object;[Ljava/lang/Object;)Ljava/lang/Object;+102 java.base@19.0.1
j  org.springframework.boot.devtools.restart.RestartLauncher.run()V+47
v  ~StubRoutines::call_stub 0x000002805c371016

Compiled method (n/a)    8060 1359     n 0       java.lang.ClassLoader::defineClass1 (native)
 total in heap  [0x000002805c678a10,0x000002805c679060] = 1616
 relocation     [0x000002805c678b70,0x000002805c678ba8] = 56
 main code      [0x000002805c678bc0,0x000002805c679060] = 1184

[Constant Pool (empty)]

[MachCode]
[Entry Point]
  # {method} {0x00000008004335d0} 'defineClass1' '(Ljava/lang/ClassLoader;Ljava/lang/String;[BIILjava/security/ProtectionDomain;Ljava/lang/String;)Ljava/lang/Class;' in 'java/lang/ClassLoader'
  # parm0:    rdx:rdx   = 'java/lang/ClassLoader'
  # parm1:    r8:r8     = 'java/lang/String'
  # parm2:    r9:r9     = '[B'
  # parm3:    rdi       = int
  # parm4:    rsi       = int
  # parm5:    rcx:rcx   = 'java/security/ProtectionDomain'
  # parm6:    [sp+0xa0]   = 'java/lang/String'  (sp of caller)
  0x000002805c678bc0: 448b 5208 | 49bb 0000 | 0000 0800 | 0000 4d03 | d349 3bc2 | 0f84 0600 

  0x000002805c678bd8: ;   {runtime_call ic_miss_stub}
  0x000002805c678bd8: 0000 e9a1 | 8bd5 ff90 
[Verified Entry Point]
  0x000002805c678be0: 8984 2400 | 90ff ff55 | 488b ec48 | 81ec 9000 | 0000 4881 | 7d10 0000 | 0000 488d | 4510 480f 
  0x000002805c678c00: 4445 1048 | 8944 2440 | 4889 4c24 | 7048 83f9 | 0048 8d44 | 2470 480f | 4444 2470 | 4889 4424 
  0x000002805c678c20: 3848 8974 | 2430 4889 | 7c24 284c | 894c 2458 | 4983 f900 | 488d 4424 | 5848 0f44 | 4424 5848 
  0x000002805c678c40: 8944 2420 | 4c89 4424 | 5049 83f8 | 004c 8d4c | 2450 4c0f | 444c 2450 | 4889 5424 | 4848 83fa 
  0x000002805c678c60: 004c 8d44 | 2448 4c0f | 4444 2448 

  0x000002805c678c6c: ;   {oop(a 'java/lang/Class'{0x00000000c2c4a520} = 'java/lang/ClassLoader')}
  0x000002805c678c6c: 49be 20a5 | c4c2 0000 | 0000 4c89 | 7424 784c | 8d74 2478 

  0x000002805c678c80: ; ImmutableOopMap {[72]=Oop [80]=Oop [88]=Oop [112]=Oop [120]=Oop [160]=Oop }
                      ;   {section_word}
  0x000002805c678c80: 498b d649 | ba83 8c67 | 5c80 0200 | 004d 8997 | c802 0000 | 4989 a7c0 

  0x000002805c678c98: ;   {external_word}
  0x000002805c678c98: 0200 0049 | bac9 8449 | 7dfd 7f00 | 0041 803a | 000f 8450 | 0000 0052 | 4150 4151 

  0x000002805c678cb4: ;   {metadata({method} {0x00000008004335d0} 'defineClass1' '(Ljava/lang/ClassLoader;Ljava/lang/String;[BIILjava/security/ProtectionDomain;Ljava/lang/String;)Ljava/lang/Class;' in 'java/lang/ClassLoader')}
  0x000002805c678cb4: 48ba c835 | 4300 0800 | 0000 498b | cf48 83ec | 2040 f6c4 | 0f0f 841a | 0000 0048 

  0x000002805c678cd0: ;   {runtime_call}
  0x000002805c678cd0: 83ec 0849 | ba90 2b01 | 7dfd 7f00 | 0041 ffd2 | 4883 c408 | e90d 0000 

  0x000002805c678ce8: ;   {runtime_call}
  0x000002805c678ce8: 0049 ba90 | 2b01 7dfd | 7f00 0041 | ffd2 4883 | c420 4159 | 4158 5a49 | 8d8f e002 | 0000 41c7 
  0x000002805c678d08: 8774 0300 | 0004 0000 

  0x000002805c678d10: ;   {runtime_call}
  0x000002805c678d10: 0049 baac | 1691 c9fd | 7f00 0041 | ffd2 41c7 | 8774 0300 | 0005 0000 | 00f0 8344 | 24c0 0049 
  0x000002805c678d30: 3baf 7803 | 0000 0f87 | 1100 0000 | 4181 bf70 | 0300 0000 | 0000 000f | 8429 0000 | 0048 8945 
  0x000002805c678d50: f849 8bcf | 4c8b e448 | 83ec 2048 

  0x000002805c678d5c: ;   {runtime_call}
  0x000002805c678d5c: 83e4 f049 | baa0 180c | 7dfd 7f00 | 0041 ffd2 | 498b e44d | 33e4 488b | 45f8 41c7 | 8774 0300 
  0x000002805c678d7c: 0008 0000 | 0041 81bf | e803 0000 | 0200 0000 | 0f84 a302 

  0x000002805c678d90: ;   {external_word}
  0x000002805c678d90: 0000 49ba | c984 497d | fd7f 0000 | 4180 3a00 | 0f84 4e00 | 0000 4889 

  0x000002805c678da8: ;   {metadata({method} {0x00000008004335d0} 'defineClass1' '(Ljava/lang/ClassLoader;Ljava/lang/String;[BIILjava/security/ProtectionDomain;Ljava/lang/String;)Ljava/lang/Class;' in 'java/lang/ClassLoader')}
  0x000002805c678da8: 45f8 48ba | c835 4300 | 0800 0000 | 498b cf48 | 83ec 2040 | f6c4 0f0f | 841a 0000 | 0048 83ec 
  0x000002805c678dc8: ;   {runtime_call}
  0x000002805c678dc8: 0849 ba90 | 2b01 7dfd | 7f00 0041 | ffd2 4883 | c408 e90d 

  0x000002805c678ddc: ;   {runtime_call}
  0x000002805c678ddc: 0000 0049 | ba90 2b01 | 7dfd 7f00 | 0041 ffd2 | 4883 c420 | 488b 45f8 | 49c7 87c0 | 0200 0000 
  0x000002805c678dfc: 0000 0049 | c787 c802 | 0000 0000 | 0000 4885 | c00f 84fc | 0100 00a8 | 010f 84f1 | 0100 0048 
  0x000002805c678e1c: 8b40 ff41 | 807f 4000 | 0f84 dd01 | 0000 4883 | f800 0f84 | d301 0000 | 498b 4f28 | 4883 f900 
  0x000002805c678e3c: 0f84 1400 | 0000 4883 | e908 4989 | 4f28 4903 | 4f38 4889 | 01e9 b101 | 0000 4881 | ecd0 0000 
  0x000002805c678e5c: 0048 8904 | 2448 894c | 2408 4889 | 5424 1048 | 8974 2418 | 4889 7c24 | 204c 8944 | 2428 4c89 
  0x000002805c678e7c: 4c24 304c | 8954 2438 | 4c89 5c24 | 40f2 0f11 | 4424 50f2 | 0f11 4c24 | 58f2 0f11 | 5424 60f2 
  0x000002805c678e9c: 0f11 5c24 | 68f2 0f11 | 6424 70f2 | 0f11 6c24 | 78f2 0f11 | b424 8000 | 0000 f20f | 11bc 2488 
  0x000002805c678ebc: 0000 00f2 | 440f 1184 | 2490 0000 | 00f2 440f | 118c 2498 | 0000 00f2 | 440f 1194 | 24a0 0000 
  0x000002805c678edc: 00f2 440f | 119c 24a8 | 0000 00f2 | 440f 11a4 | 24b0 0000 | 00f2 440f | 11ac 24b8 | 0000 00f2 
  0x000002805c678efc: 440f 11b4 | 24c0 0000 | 00f2 440f | 11bc 24c8 | 0000 0049 | 8bd7 488b | c848 83ec | 2040 f6c4 
  0x000002805c678f1c: 0f0f 841a | 0000 0048 

  0x000002805c678f24: ;   {runtime_call}
  0x000002805c678f24: 83ec 0849 | bab0 1bbe | 7cfd 7f00 | 0041 ffd2 | 4883 c408 | e90d 0000 

  0x000002805c678f3c: ;   {runtime_call}
  0x000002805c678f3c: 0049 bab0 | 1bbe 7cfd | 7f00 0041 | ffd2 4883 | c420 f244 | 0f10 bc24 | c800 0000 | f244 0f10 
  0x000002805c678f5c: b424 c000 | 0000 f244 | 0f10 ac24 | b800 0000 | f244 0f10 | a424 b000 | 0000 f244 | 0f10 9c24 
  0x000002805c678f7c: a800 0000 | f244 0f10 | 9424 a000 | 0000 f244 | 0f10 8c24 | 9800 0000 | f244 0f10 | 8424 9000 
  0x000002805c678f9c: 0000 f20f | 10bc 2488 | 0000 00f2 | 0f10 b424 | 8000 0000 | f20f 106c | 2478 f20f | 1064 2470 
  0x000002805c678fbc: f20f 105c | 2468 f20f | 1054 2460 | f20f 104c | 2458 f20f | 1044 2450 | 4c8b 5c24 | 404c 8b54 
  0x000002805c678fdc: 2438 4c8b | 4c24 304c | 8b44 2428 | 488b 7c24 | 2048 8b74 | 2418 488b | 5424 1048 | 8b4c 2408 
  0x000002805c678ffc: 488b 0424 | 4881 c4d0 | 0000 00e9 | 0300 0000 | 488b 0049 | 8b8f 5003 | 0000 c781 | 0001 0000 
  0x000002805c67901c: 0000 0000 | c949 817f | 0800 0000 | 000f 8501 | 0000 00c3 

  0x000002805c679030: ;   {runtime_call StubRoutines (1)}
  0x000002805c679030: e9cb 7ecf | ff48 8945 | f84c 8be4 | 4883 ec20 | 4883 e4f0 

  0x000002805c679044: ;   {runtime_call}
  0x000002805c679044: 49ba d05f | 017d fd7f | 0000 41ff | d249 8be4 | 4d33 e448 | 8b45 f8e9 | 32fd ffff 
[/MachCode]


Compiled method (c1)    8101 1406       1       java.lang.ClassLoader::defineClass (43 bytes)
 total in heap  [0x000002805c68ad90,0x000002805c68b330] = 1440
 relocation     [0x000002805c68aef0,0x000002805c68af50] = 96
 main code      [0x000002805c68af60,0x000002805c68b100] = 416
 stub code      [0x000002805c68b100,0x000002805c68b178] = 120
 metadata       [0x000002805c68b178,0x000002805c68b1a8] = 48
 scopes data    [0x000002805c68b1a8,0x000002805c68b260] = 184
 scopes pcs     [0x000002805c68b260,0x000002805c68b300] = 160
 dependencies   [0x000002805c68b300,0x000002805c68b308] = 8
 nul chk table  [0x000002805c68b308,0x000002805c68b330] = 40

[Constant Pool (empty)]

[MachCode]
[Entry Point]
  # {method} {0x00000008004338f8} 'defineClass' '(Ljava/lang/String;[BIILjava/security/ProtectionDomain;)Ljava/lang/Class;' in 'java/lang/ClassLoader'
  # this:     rdx:rdx   = 'java/lang/ClassLoader'
  # parm0:    r8:r8     = 'java/lang/String'
  # parm1:    r9:r9     = '[B'
  # parm2:    rdi       = int
  # parm3:    rsi       = int
  # parm4:    rcx:rcx   = 'java/security/ProtectionDomain'
  #           [sp+0xc0]  (sp of caller)
  0x000002805c68af60: 448b 5208 | 49bb 0000 | 0000 0800 | 0000 4d03 | d34c 3bd0 

  0x000002805c68af74: ;   {runtime_call ic_miss_stub}
  0x000002805c68af74: 0f85 0668 | d4ff 660f | 1f44 0000 
[Verified Entry Point]
  0x000002805c68af80: 8984 2400 | 90ff ff55 | 4881 ecb0 | 0000 0048 | 8954 2478 | 89b4 2494 | 0000 0089 | bc24 9000 
  0x000002805c68afa0: 0000 4c89 | 8c24 8800 | 0000 498b | d84c 8bc3 | 4c8b c948 | 8bca 488b | d148 899c | 2480 0000 
  0x000002805c68afc0: 0066 0f1f 

  0x000002805c68afc4: ;   {optimized virtual_call}
  0x000002805c68afc4: 4400 00e8 

  0x000002805c68afc8: ; ImmutableOopMap {[120]=Oop [128]=Oop [136]=Oop }
                      ;*invokevirtual preDefineClass {reexecute=0 rethrow=0 return_oop=0}
                      ; - java.lang.ClassLoader::defineClass@4 (line 1011)
  0x000002805c68afc8: 547c 0500 | 4889 8424 | 9800 0000 

  0x000002805c68afd4: ; implicit exception: dispatches to 0x000002805c68b09a
  0x000002805c68afd4: 448b 4010 | 4983 f800 | 0f85 0f00 

  0x000002805c68afe0: ;   {oop(NULL)}
  0x000002805c68afe0: 0000 48bb | 0000 0000 | 0000 0000 | e936 0000 | 0045 8b40 | 0c49 83f8 | 000f 850f 

  0x000002805c68affc: ;   {oop(NULL)}
  0x000002805c68affc: 0000 0048 | bb00 0000 | 0000 0000 | 00e9 1900 | 0000 418b | 5038 483b 

  0x000002805c68b014: ;   {optimized virtual_call}
  0x000002805c68b014: 0266 90e8 

  0x000002805c68b018: ; ImmutableOopMap {[120]=Oop [128]=Oop [136]=Oop [152]=Oop }
                      ;*invokevirtual toExternalForm {reexecute=0 rethrow=0 return_oop=0}
                      ; - java.net.URL::toExternalForm@5 (line 1040)
                      ; - java.net.URL::toString@1 (line 1026)
                      ; - java.lang.ClassLoader::defineClassSourceLocation@22 (line 913)
                      ; - java.lang.ClassLoader::defineClass@12 (line 1012)
  0x000002805c68b018: 4496 fcff | 488b d848 | 8b84 2498 | 0000 008b | b424 9400 | 0000 8bbc | 2490 0000 | 004c 8b8c 
  0x000002805c68b038: 2488 0000 | 004c 8b84 | 2480 0000 | 0048 8b54 | 2478 4c8b | da49 8bd3 | 488b c848 

  0x000002805c68b054: ;   {static_call}
  0x000002805c68b054: 891c 24e8 

  0x000002805c68b058: ; ImmutableOopMap {[120]=Oop [152]=Oop }
                      ;*invokestatic defineClass1 {reexecute=0 rethrow=0 return_oop=0}
                      ; - java.lang.ClassLoader::defineClass@27 (line 1013)
  0x000002805c68b058: 84db feff | 4c8b c04c | 8b8c 2498 | 0000 0048 | 8b54 2478 | 4889 8424 | a000 0000 

  0x000002805c68b074: ;   {optimized virtual_call}
  0x000002805c68b074: 6666 90e8 

  0x000002805c68b078: ; ImmutableOopMap {[160]=Oop }
                      ;*invokevirtual postDefineClass {reexecute=0 rethrow=0 return_oop=0}
                      ; - java.lang.ClassLoader::defineClass@37 (line 1014)
  0x000002805c68b078: 04b4 ffff | 488b 8424 | a000 0000 | 4881 c4b0 | 0000 005d 

  0x000002805c68b08c: ;   {poll_return}
  0x000002805c68b08c: 493b a778 | 0300 000f | 8715 0000 

  0x000002805c68b098: ;   {runtime_call throw_null_pointer_exception Runtime1 stub}
  0x000002805c68b098: 00c3 e801 

  0x000002805c68b09c: ; ImmutableOopMap {rax=Oop [120]=Oop [128]=Oop [136]=Oop [152]=Oop }
                      ;*invokevirtual getCodeSource {reexecute=0 rethrow=0 return_oop=0}
                      ; - java.lang.ClassLoader::defineClassSourceLocation@1 (line 910)
                      ; - java.lang.ClassLoader::defineClass@12 (line 1012)
                      ;   {runtime_call throw_null_pointer_exception Runtime1 stub}
  0x000002805c68b09c: b9de ffe8 

  0x000002805c68b0a0: ; ImmutableOopMap {rax=Oop [120]=Oop [128]=Oop [136]=Oop [152]=Oop }
                      ;*invokevirtual getLocation {reexecute=0 rethrow=0 return_oop=0}
                      ; - java.lang.ClassLoader::defineClassSourceLocation@12 (line 912)
                      ; - java.lang.ClassLoader::defineClass@12 (line 1012)
  0x000002805c68b0a0: fcb8 deff 

  0x000002805c68b0a4: ;   {runtime_call throw_null_pointer_exception Runtime1 stub}
  0x000002805c68b0a4: e8f7 b8de 

  0x000002805c68b0a8: ; ImmutableOopMap {r8=Oop [120]=Oop [128]=Oop [136]=Oop [152]=Oop }
                      ;*invokevirtual toString {reexecute=0 rethrow=0 return_oop=0}
                      ; - java.lang.ClassLoader::defineClassSourceLocation@22 (line 913)
                      ; - java.lang.ClassLoader::defineClass@12 (line 1012)
                      ;   {runtime_call throw_null_pointer_exception Runtime1 stub}
  0x000002805c68b0a8: ffe8 f2b8 

  0x000002805c68b0ac: ; ImmutableOopMap {r8=Oop rdx=Oop [120]=Oop [128]=Oop [136]=Oop [152]=Oop }
                      ;*invokevirtual toExternalForm {reexecute=0 rethrow=0 return_oop=0}
                      ; - java.net.URL::toExternalForm@5 (line 1040)
                      ; - java.net.URL::toString@1 (line 1026)
                      ; - java.lang.ClassLoader::defineClassSourceLocation@22 (line 913)
                      ; - java.lang.ClassLoader::defineClass@12 (line 1012)
                      ;   {internal_word}
  0x000002805c68b0ac: deff 49ba | 8cb0 685c | 8002 0000 | 4d89 9790 

  0x000002805c68b0bc: ;   {runtime_call SafepointBlob}
  0x000002805c68b0bc: 0300 00e9 | bcc8 d4ff | 498b 8720 | 0400 0049 | c787 2004 | 0000 0000 | 0000 49c7 | 8728 0400 
  0x000002805c68b0dc: 0000 0000 | 0048 81c4 | b000 0000 

  0x000002805c68b0e8: ;   {runtime_call unwind_exception Runtime1 stub}
  0x000002805c68b0e8: 5de9 92a9 | deff f4f4 | f4f4 f4f4 | f4f4 f4f4 | f4f4 f4f4 | f4f4 f4f4 
[Stub Code]
  0x000002805c68b100: ;   {no_reloc}
  0x000002805c68b100: 0f1f 4400 

  0x000002805c68b104: ;   {static_stub}
  0x000002805c68b104: 0048 bb88 | 3643 0008 

  0x000002805c68b10c: ;   {runtime_call I2C/C2I adapters}
  0x000002805c68b10c: 0000 00e9 | cd31 d4ff 

  0x000002805c68b114: ;   {static_stub}
  0x000002805c68b114: 9048 bb00 | 0000 0000 

  0x000002805c68b11c: ;   {runtime_call}
  0x000002805c68b11c: 0000 00e9 | fbff ffff 

  0x000002805c68b124: ;   {static_stub}
  0x000002805c68b124: 9048 bb00 | 0000 0000 

  0x000002805c68b12c: ;   {runtime_call}
  0x000002805c68b12c: 0000 00e9 | fbff ffff 

  0x000002805c68b134: ;   {static_stub}
  0x000002805c68b134: 9048 bb00 | 0000 0000 

  0x000002805c68b13c: ;   {runtime_call}
  0x000002805c68b13c: 0000 00e9 | fbff ffff 
[Exception Handler]
  0x000002805c68b144: ;   {runtime_call handle_exception_from_callee Runtime1 stub}
  0x000002805c68b144: e837 d6de 

  0x000002805c68b148: ;   {external_word}
  0x000002805c68b148: ff48 b928 | 4922 7dfd | 7f00 0048 

  0x000002805c68b154: ;   {runtime_call}
  0x000002805c68b154: 83e4 f049 | ba00 feed | 7cfd 7f00 | 0041 ffd2 

  0x000002805c68b164: ;   {section_word}
  0x000002805c68b164: f449 ba65 | b168 5c80 | 0200 0041 

  0x000002805c68b170: ;   {runtime_call DeoptimizationBlob}
  0x000002805c68b170: 52e9 2ac1 | d4ff f4f4 
[/MachCode]


Compiled method (c1)    8114 1395       1       jdk.internal.loader.BuiltinClassLoader::defineClass (121 bytes)
 total in heap  [0x000002805c687010,0x000002805c687e88] = 3704
 relocation     [0x000002805c687170,0x000002805c6872a0] = 304
 main code      [0x000002805c6872a0,0x000002805c6878c0] = 1568
 stub code      [0x000002805c6878c0,0x000002805c687a08] = 328
 metadata       [0x000002805c687a08,0x000002805c687a50] = 72
 scopes data    [0x000002805c687a50,0x000002805c687ca8] = 600
 scopes pcs     [0x000002805c687ca8,0x000002805c687e48] = 416
 dependencies   [0x000002805c687e48,0x000002805c687e50] = 8
 handler table  [0x000002805c687e50,0x000002805c687e68] = 24
 nul chk table  [0x000002805c687e68,0x000002805c687e88] = 32

[Constant Pool (empty)]

[MachCode]
[Entry Point]
  # {method} {0x0000000800082a50} 'defineClass' '(Ljava/lang/String;Ljdk/internal/loader/Resource;)Ljava/lang/Class;' in 'jdk/internal/loader/BuiltinClassLoader'
  # this:     rdx:rdx   = 'jdk/internal/loader/BuiltinClassLoader'
  # parm0:    r8:r8     = 'java/lang/String'
  # parm1:    r9:r9     = 'jdk/internal/loader/Resource'
  #           [sp+0x110]  (sp of caller)
  0x000002805c6872a0: 448b 5208 | 49bb 0000 | 0000 0800 | 0000 4d03 | d34c 3bd0 

  0x000002805c6872b4: ;   {runtime_call ic_miss_stub}
  0x000002805c6872b4: 0f85 c6a4 | d4ff 660f | 1f44 0000 
[Verified Entry Point]
  0x000002805c6872c0: 8984 2400 | 90ff ff55 | 4881 ec00 | 0100 0048 | 8994 24a0 | 0000 004c | 8984 2490 | 0000 004c 
  0x000002805c6872e0: 898c 2498 | 0000 0049 | 8bd1 6666 | 9048 b820 | 0123 0008 

  0x000002805c6872f4: ;   {virtual_call}
  0x000002805c6872f4: 0000 00e8 

  0x000002805c6872f8: ; ImmutableOopMap {[144]=Oop [152]=Oop [160]=Oop }
                      ;*invokevirtual getCodeSourceURL {reexecute=0 rethrow=0 return_oop=0}
                      ; - jdk.internal.loader.BuiltinClassLoader::defineClass@1 (line 842)
  0x000002805c6872f8: 2442 0000 | 4889 8424 | a800 0000 | 4c8b 8424 | 9000 0000 

  0x000002805c68730c: ; implicit exception: dispatches to 0x000002805c6877c3
  0x000002805c68730c: 418b 7014 

  0x000002805c687310: ; implicit exception: dispatches to 0x000002805c6877c8
  0x000002805c687310: 8b56 0c45 | 0fbe 4810 | 498b c9c1 | e118 c1f9 | 18d3 fa48 | 8bfa ffcf | 4183 f900 | ba00 0000 
  0x000002805c687330: 000f 8505 | 0000 00ba | 0100 0000 | 83e2 0183 | fa00 488b | d641 b82e | 0000 004c | 8bcf 0f84 
  0x000002805c687350: 0d00 0000 

  0x000002805c687354: ;   {static_call}
  0x000002805c687354: 6666 90e8 

  0x000002805c687358: ; ImmutableOopMap {[144]=Oop [152]=Oop [160]=Oop [168]=Oop }
                      ;*invokestatic lastIndexOf {reexecute=0 rethrow=0 return_oop=0}
                      ; - java.lang.String::lastIndexOf@13 (line 2495)
                      ; - java.lang.String::lastIndexOf@8 (line 2457)
                      ; - jdk.internal.loader.BuiltinClassLoader::defineClass@8 (line 845)
  0x000002805c687358: 64b1 e3ff | e90b 0000 | 0066 0f1f 

  0x000002805c687364: ;   {static_call}
  0x000002805c687364: 4400 00e8 

  0x000002805c687368: ; ImmutableOopMap {[144]=Oop [152]=Oop [160]=Oop [168]=Oop }
                      ;*invokestatic lastIndexOf {reexecute=0 rethrow=0 return_oop=0}
                      ; - java.lang.String::lastIndexOf@25 (line 2496)
                      ; - java.lang.String::lastIndexOf@8 (line 2457)
                      ; - jdk.internal.loader.BuiltinClassLoader::defineClass@8 (line 845)
  0x000002805c687368: 14ad d4ff | 83f8 ff0f | 8467 0000 | 0041 b800 | 0000 004c | 8bc8 488b | 9424 9000 

  0x000002805c687384: ;   {optimized virtual_call}
  0x000002805c687384: 0000 90e8 

  0x000002805c687388: ; ImmutableOopMap {[144]=Oop [152]=Oop [160]=Oop [168]=Oop }
                      ;*invokevirtual substring {reexecute=0 rethrow=0 return_oop=0}
                      ; - jdk.internal.loader.BuiltinClassLoader::defineClass@23 (line 847)
  0x000002805c687388: f4eb e2ff | 488b 9424 | 9800 0000 | 4889 8424 | b000 0000 | 9048 b820 | 0123 0008 

  0x000002805c6873a4: ;   {virtual_call}
  0x000002805c6873a4: 0000 00e8 

  0x000002805c6873a8: ; ImmutableOopMap {[144]=Oop [152]=Oop [160]=Oop [168]=Oop [176]=Oop }
                      ;*invokevirtual getManifest {reexecute=0 rethrow=0 return_oop=0}
                      ; - jdk.internal.loader.BuiltinClassLoader::defineClass@29 (line 848)
  0x000002805c6873a8: f444 0000 | 4c8b 8424 | b000 0000 | 4c8b c848 | 8bbc 24a8 | 0000 0048 | 8b94 24a0 | 0000 0066 
  0x000002805c6873c8: 0f1f 4400 | 0048 b8e8 | 3008 0008 

  0x000002805c6873d4: ;   {virtual_call}
  0x000002805c6873d4: 0000 00e8 

  0x000002805c6873d8: ; ImmutableOopMap {[144]=Oop [152]=Oop [160]=Oop [168]=Oop }
                      ;*invokevirtual defineOrCheckPackage {reexecute=0 rethrow=0 return_oop=0}
                      ; - jdk.internal.loader.BuiltinClassLoader::defineClass@40 (line 849)
  0x000002805c6873d8: c412 0000 | 4c8b 8c24 | 9800 0000 | 488d 9424 | e000 0000 | 4c89 4a08 | 498b 0148 | 83c8 0148 
  0x000002805c6873f8: 8902 f049 | 0fb1 110f | 8412 0000 | 0048 2bc4 | 4825 07f0 | ffff 4889 | 020f 85b6 | 0300 0041 
  0x000002805c687418: 8b51 0c48 | 83fa 000f | 8548 0000 | 0049 8bd1 | 0f1f 4400 | 0048 b820 | 0123 0008 

  0x000002805c687434: ;   {virtual_call}
  0x000002805c687434: 0000 00e8 

  0x000002805c687438: ; ImmutableOopMap {[144]=Oop [152]=Oop [160]=Oop [168]=Oop [232]=Oop }
                      ;*invokevirtual getInputStream {reexecute=0 rethrow=0 return_oop=0}
                      ; - jdk.internal.loader.Resource::cachedInputStream@9 (line 77)
                      ; - jdk.internal.loader.Resource::getByteBuffer@1 (line 163)
                      ; - jdk.internal.loader.BuiltinClassLoader::defineClass@45 (line 853)
  0x000002805c687438: 04fb 0500 | 410f be57 | 4083 fa00 | 4c8b 8c24 | 9800 0000 | 0f85 8e03 | 0000 4c8b | d045 8951 
  0x000002805c687458: 0c49 8bd1 | 4833 d048 | c1ea 1448 | 83fa 000f | 858f 0300 | 0041 8b51 | 0c48 8d84 | 24e0 0000 
  0x000002805c687478: 0048 8b30 | 4885 f60f | 840f 0000 | 0048 8b78 | 08f0 480f | b137 0f85 | 8003 0000 | 4883 fa00 
  0x000002805c687498: 0f84 4400 

  0x000002805c68749c: ;   {metadata('sun/nio/ByteBuffered')}
  0x000002805c68749c: 0000 48b8 | 509b 3700 | 0800 0000 | 8b5a 0849 | ba00 0000 | 0008 0000 | 0049 03da | 483b 4320 
  0x000002805c6874bc: 0f84 2500 | 0000 483b | d80f 841c | 0000 0053 

  0x000002805c6874cc: ;   {runtime_call slow_subtype_check Runtime1 stub}
  0x000002805c6874cc: 50e8 ae1e | dfff 5b5b | 83fb 000f | 8405 0000 | 00e9 0500 | 0000 4833 | f6eb 0a48 | be01 0000 
  0x000002805c6874ec: 0000 0000 | 0083 fe00 | 0f84 6700 | 0000 4883 | fa00 0f84 | 4400 0000 

  0x000002805c687504: ;   {metadata('sun/nio/ByteBuffered')}
  0x000002805c687504: 48bb 509b | 3700 0800 | 0000 8b7a | 0849 ba00 | 0000 0008 | 0000 0049 | 03fa 483b | 5f20 0f84 
  0x000002805c687524: 2000 0000 | 483b fb0f | 8417 0000 

  0x000002805c687530: ;   {runtime_call slow_subtype_check Runtime1 stub}
  0x000002805c687530: 0057 53e8 | 481e dfff | 5f5f 83ff | 000f 84e7 | 0200 00e9 | 0000 0000 | 0f1f 4400 | 0048 b8ff 
  0x000002805c687550: ffff ffff 

  0x000002805c687554: ;   {virtual_call}
  0x000002805c687554: ffff ffe8 

  0x000002805c687558: ; ImmutableOopMap {[144]=Oop [152]=Oop [160]=Oop [168]=Oop }
                      ;*invokeinterface getByteBuffer {reexecute=0 rethrow=0 return_oop=0}
                      ; - jdk.internal.loader.Resource::getByteBuffer@16 (line 165)
                      ; - jdk.internal.loader.BuiltinClassLoader::defineClass@45 (line 853)
  0x000002805c687558: 24a8 d4ff | e90a 0000 

  0x000002805c687560: ;   {oop(NULL)}
  0x000002805c687560: 0048 b800 | 0000 0000 | 0000 0048 | 83f8 000f | 84e5 0000 | 0048 8984 | 24b8 0000 | 0048 8b94 
  0x000002805c687580: 2498 0000 | 0048 b8ff | ffff ffff 

  0x000002805c68758c: ;   {virtual_call}
  0x000002805c68758c: ffff ffe8 

  0x000002805c687590: ; ImmutableOopMap {[144]=Oop [160]=Oop [168]=Oop [184]=Oop }
                      ;*invokevirtual getCodeSigners {reexecute=0 rethrow=0 return_oop=0}
                      ; - jdk.internal.loader.BuiltinClassLoader::defineClass@56 (line 855)
  0x000002805c687590: eca7 d4ff 

  0x000002805c687594: ;   {metadata('java/security/CodeSource')}
  0x000002805c687594: 4c8b c848 | ba08 3d06 | 0008 0000 | 0049 8b87 | f800 0000 | 488d 7828 | 493b bf08 | 0100 000f 
  0x000002805c6875b4: 877a 0200 | 0049 89bf | f800 0000 | 48c7 0001 | 0000 0048 | 8bca 49ba | 0000 0000 | 0800 0000 
  0x000002805c6875d4: 492b ca89 | 4808 4833 | c989 480c | 4833 c948 | 8948 1048 | 8948 1848 | 8948 204c | 8b84 24a8 
  0x000002805c6875f4: 0000 0048 | 8bd0 4889 | 8424 c000 | 0000 0f1f 

  0x000002805c687604: ;   {optimized virtual_call}
  0x000002805c687604: 4400 00e8 

  0x000002805c687608: ; ImmutableOopMap {[144]=Oop [160]=Oop [184]=Oop [192]=Oop }
                      ;*invokespecial <init> {reexecute=0 rethrow=0 return_oop=0}
                      ; - jdk.internal.loader.BuiltinClassLoader::defineClass@68 (line 856)
  0x000002805c687608: 74a4 d4ff | 4c8b 8424 | c000 0000 | 488b 9424 | a000 0000 

  0x000002805c68761c: ;   {optimized virtual_call}
  0x000002805c68761c: 6666 90e8 

  0x000002805c687620: ; ImmutableOopMap {[144]=Oop [160]=Oop [184]=Oop }
                      ;*invokevirtual getProtectionDomain {reexecute=0 rethrow=0 return_oop=0}
                      ; - java.security.SecureClassLoader::defineClass@5 (line 182)
                      ; - jdk.internal.loader.BuiltinClassLoader::defineClass@79 (line 857)
  0x000002805c687620: 5ca4 d4ff | 4c8b 8424 | 9000 0000 | 4c8b 8c24 | b800 0000 | 488b f848 | 8b94 24a0 

  0x000002805c68763c: ;   {optimized virtual_call}
  0x000002805c68763c: 0000 00e8 

  0x000002805c687640: ; ImmutableOopMap {}
                      ;*invokevirtual defineClass {reexecute=0 rethrow=0 return_oop=0}
                      ; - java.security.SecureClassLoader::defineClass@8 (line 182)
                      ; - jdk.internal.loader.BuiltinClassLoader::defineClass@79 (line 857)
  0x000002805c687640: 3ca4 d4ff | 4881 c400 | 0100 005d 

  0x000002805c68764c: ;   {poll_return}
  0x000002805c68764c: 493b a778 | 0300 000f | 87e7 0100 | 00c3 4c8b | 8c24 9800 | 0000 498b | d148 b820 | 0123 0008 
  0x000002805c68766c: ;   {virtual_call}
  0x000002805c68766c: 0000 00e8 

  0x000002805c687670: ; ImmutableOopMap {[144]=Oop [152]=Oop [160]=Oop [168]=Oop }
                      ;*invokevirtual getBytes {reexecute=0 rethrow=0 return_oop=0}
                      ; - jdk.internal.loader.BuiltinClassLoader::defineClass@84 (line 859)
  0x000002805c687670: 6cfc 0500 | 4889 8424 | c800 0000 | 488b 9424 | 9800 0000 | 9048 b820 | 0123 0008 

  0x000002805c68768c: ;   {virtual_call}
  0x000002805c68768c: 0000 00e8 

  0x000002805c687690: ; ImmutableOopMap {[144]=Oop [160]=Oop [168]=Oop [200]=Oop }
                      ;*invokevirtual getCodeSigners {reexecute=0 rethrow=0 return_oop=0}
                      ; - jdk.internal.loader.BuiltinClassLoader::defineClass@90 (line 860)
  0x000002805c687690: 2c08 0600 

  0x000002805c687694: ;   {metadata('java/security/CodeSource')}
  0x000002805c687694: 4c8b c848 | ba08 3d06 | 0008 0000 | 0049 8b87 | f800 0000 | 488d 7828 | 493b bf08 | 0100 000f 
  0x000002805c6876b4: 879d 0100 | 0049 89bf | f800 0000 | 48c7 0001 | 0000 0048 | 8bca 49ba | 0000 0000 | 0800 0000 
  0x000002805c6876d4: 492b ca89 | 4808 4833 | c989 480c | 4833 c948 | 8948 1048 | 8948 1848 | 8948 204c | 8b84 24a8 
  0x000002805c6876f4: 0000 0048 | 8bd0 4889 | 8424 d000 | 0000 0f1f 

  0x000002805c687704: ;   {optimized virtual_call}
  0x000002805c687704: 4400 00e8 

  0x000002805c687708: ; ImmutableOopMap {[144]=Oop [160]=Oop [200]=Oop [208]=Oop }
                      ;*invokespecial <init> {reexecute=0 rethrow=0 return_oop=0}
                      ; - jdk.internal.loader.BuiltinClassLoader::defineClass@102 (line 861)
  0x000002805c687708: f4a8 ffff | 488b 8424 | c800 0000 

  0x000002805c687714: ; implicit exception: dispatches to 0x000002805c687863
  0x000002805c687714: 8b70 0c4c | 8b84 24d0 | 0000 0048 | 8b94 24a0 | 0000 0089 | b424 d800 

  0x000002805c68772c: ;   {optimized virtual_call}
  0x000002805c68772c: 0000 90e8 

  0x000002805c687730: ; ImmutableOopMap {[144]=Oop [160]=Oop [200]=Oop }
                      ;*invokevirtual getProtectionDomain {reexecute=0 rethrow=0 return_oop=0}
                      ; - java.security.SecureClassLoader::defineClass@9 (line 150)
                      ; - jdk.internal.loader.BuiltinClassLoader::defineClass@117 (line 862)
  0x000002805c687730: ccb5 ffff | 4c8b 8424 | 9000 0000 | 4c8b 8c24 | c800 0000 | bf00 0000 | 008b b424 | d800 0000 
  0x000002805c687750: 488b c848 | 8b94 24a0 | 0000 000f 

  0x000002805c68775c: ;   {optimized virtual_call}
  0x000002805c68775c: 1f40 00e8 

  0x000002805c687760: ; ImmutableOopMap {}
                      ;*invokevirtual defineClass {reexecute=0 rethrow=0 return_oop=0}
                      ; - java.security.SecureClassLoader::defineClass@12 (line 150)
                      ; - jdk.internal.loader.BuiltinClassLoader::defineClass@117 (line 862)
  0x000002805c687760: 1c38 0000 | 4881 c400 | 0100 005d 

  0x000002805c68776c: ;   {poll_return}
  0x000002805c68776c: 493b a778 | 0300 000f | 87ef 0000 | 00c3 498b | 8720 0400 | 004d 33d2 | 4d89 9720 | 0400 004d 
  0x000002805c68778c: 33d2 4d89 | 9728 0400 | 0048 8bf0 | 488d 8424 | e000 0000 | 488b 3848 | 85ff 0f84 | 0f00 0000 
  0x000002805c6877ac: 488b 5808 | f048 0fb1 | 3b0f 85c3 | 0000 0048 | 8bc6 e9ee 

  0x000002805c6877c0: ;   {runtime_call throw_null_pointer_exception Runtime1 stub}
  0x000002805c6877c0: 0000 00e8 

  0x000002805c6877c4: ; ImmutableOopMap {rax=Oop r8=Oop [144]=Oop [152]=Oop [160]=Oop [168]=Oop }
                      ;*invokevirtual lastIndexOf {reexecute=0 rethrow=0 return_oop=0}
                      ; - jdk.internal.loader.BuiltinClassLoader::defineClass@8 (line 845)
  0x000002805c6877c4: d8f1 deff 

  0x000002805c6877c8: ;   {runtime_call throw_null_pointer_exception Runtime1 stub}
  0x000002805c6877c8: e8d3 f1de 

  0x000002805c6877cc: ; ImmutableOopMap {rax=Oop r8=Oop rsi=Oop [144]=Oop [152]=Oop [160]=Oop [168]=Oop }
                      ;*arraylength {reexecute=0 rethrow=0 return_oop=0}
                      ; - java.lang.String::length@4 (line 1491)
                      ; - java.lang.String::lastIndexOf@3 (line 2457)
                      ; - jdk.internal.loader.BuiltinClassLoader::defineClass@8 (line 845)
  0x000002805c6877cc: ff4c 894c | 2408 4889 

  0x000002805c6877d4: ;   {runtime_call monitorenter_nofpu Runtime1 stub}
  0x000002805c6877d4: 1424 e8a5 

  0x000002805c6877d8: ; ImmutableOopMap {r9=Oop [144]=Oop [152]=Oop [160]=Oop [168]=Oop [232]=Oop }
                      ;*synchronization entry
                      ; - jdk.internal.loader.Resource::cachedInputStream@-1 (line 76)
                      ; - jdk.internal.loader.Resource::getByteBuffer@1 (line 163)
                      ; - jdk.internal.loader.BuiltinClassLoader::defineClass@45 (line 853)
  0x000002805c6877d8: 21df ffe9 | 37fc ffff | 418b 510c | 4883 fa00 | 0f84 64fc | ffff 4889 

  0x000002805c6877f0: ;   {runtime_call g1_pre_barrier_slow}
  0x000002805c6877f0: 1424 e889 | 48df ffe9 | 56fc ffff | 4883 f800 | 0f84 67fc | ffff 4c89 

  0x000002805c687808: ;   {runtime_call g1_post_barrier_slow}
  0x000002805c687808: 0c24 e871 | 4bdf ffe9 | 59fc ffff | 488d 8424 | e000 0000 | 4889 0424 

  0x000002805c687820: ;   {runtime_call monitorexit_nofpu Runtime1 stub}
  0x000002805c687820: e85b 27df | ffe9 6afc | ffff 4889 

  0x000002805c68782c: ;   {runtime_call throw_class_cast_exception Runtime1 stub}
  0x000002805c68782c: 1424 e86d 

  0x000002805c687830: ; ImmutableOopMap {[144]=Oop [152]=Oop [160]=Oop [168]=Oop }
                      ;*checkcast {reexecute=0 rethrow=0 return_oop=0}
                      ; - jdk.internal.loader.Resource::getByteBuffer@13 (line 165)
                      ; - jdk.internal.loader.BuiltinClassLoader::defineClass@45 (line 853)
  0x000002805c687830: 15df ff48 

  0x000002805c687834: ;   {runtime_call fast_new_instance Runtime1 stub}
  0x000002805c687834: 8bd2 e845 

  0x000002805c687838: ; ImmutableOopMap {r9=Oop [144]=Oop [160]=Oop [168]=Oop [184]=Oop }
                      ;*new {reexecute=0 rethrow=0 return_oop=0}
                      ; - jdk.internal.loader.BuiltinClassLoader::defineClass@61 (line 856)
  0x000002805c687838: fade ffe9 | affd ffff 

  0x000002805c687840: ;   {internal_word}
  0x000002805c687840: 49ba 4c76 | 685c 8002 | 0000 4d89 | 9790 0300 

  0x000002805c687850: ;   {runtime_call SafepointBlob}
  0x000002805c687850: 00e9 2a01 | d5ff 488b 

  0x000002805c687858: ;   {runtime_call fast_new_instance Runtime1 stub}
  0x000002805c687858: d2e8 22fa 

  0x000002805c68785c: ; ImmutableOopMap {r9=Oop [144]=Oop [160]=Oop [168]=Oop [200]=Oop }
                      ;*new {reexecute=0 rethrow=0 return_oop=0}
                      ; - jdk.internal.loader.BuiltinClassLoader::defineClass@95 (line 861)
  0x000002805c68785c: deff e98c 

  0x000002805c687860: ;   {runtime_call throw_null_pointer_exception Runtime1 stub}
  0x000002805c687860: feff ffe8 

  0x000002805c687864: ; ImmutableOopMap {rax=Oop [144]=Oop [160]=Oop [200]=Oop [208]=Oop }
                      ;*arraylength {reexecute=0 rethrow=0 return_oop=0}
                      ; - jdk.internal.loader.BuiltinClassLoader::defineClass@114 (line 862)
  0x000002805c687864: 38f1 deff 

  0x000002805c687868: ;   {internal_word}
  0x000002805c687868: 49ba 6c77 | 685c 8002 | 0000 4d89 | 9790 0300 

  0x000002805c687878: ;   {runtime_call SafepointBlob}
  0x000002805c687878: 00e9 0201 | d5ff 488d | 8424 e000 | 0000 4889 

  0x000002805c687888: ;   {runtime_call monitorexit_nofpu Runtime1 stub}
  0x000002805c687888: 0424 e8f1 | 26df ffe9 | 27ff ffff | 498b 8720 | 0400 0049 | c787 2004 | 0000 0000 | 0000 49c7 
  0x000002805c6878a8: 8728 0400 | 0000 0000 | 0048 81c4 | 0001 0000 

  0x000002805c6878b8: ;   {runtime_call unwind_exception Runtime1 stub}
  0x000002805c6878b8: 5de9 c2e1 | deff f4f4 
[Stub Code]
  0x000002805c6878c0: ;   {no_reloc}
  0x000002805c6878c0: 0f1f 4400 

  0x000002805c6878c4: ;   {static_stub}
  0x000002805c6878c4: 0048 bb00 | 0000 0000 

  0x000002805c6878cc: ;   {runtime_call}
  0x000002805c6878cc: 0000 00e9 | fbff ffff 

  0x000002805c6878d4: ;   {static_stub}
  0x000002805c6878d4: 9048 bb00 | 0000 0000 

  0x000002805c6878dc: ;   {runtime_call}
  0x000002805c6878dc: 0000 00e9 | fbff ffff 

  0x000002805c6878e4: ;   {static_stub}
  0x000002805c6878e4: 9048 bb00 | 0000 0000 

  0x000002805c6878ec: ;   {runtime_call}
  0x000002805c6878ec: 0000 00e9 | fbff ffff 

  0x000002805c6878f4: ;   {static_stub}
  0x000002805c6878f4: 9048 bb00 | 0000 0000 

  0x000002805c6878fc: ;   {runtime_call}
  0x000002805c6878fc: 0000 00e9 | fbff ffff 

  0x000002805c687904: ;   {static_stub}
  0x000002805c687904: 9048 bb00 | 0000 0000 

  0x000002805c68790c: ;   {runtime_call}
  0x000002805c68790c: 0000 00e9 | fbff ffff 

  0x000002805c687914: ;   {static_stub}
  0x000002805c687914: 9048 bb00 | 0000 0000 

  0x000002805c68791c: ;   {runtime_call}
  0x000002805c68791c: 0000 00e9 | fbff ffff 

  0x000002805c687924: ;   {static_stub}
  0x000002805c687924: 9048 bb00 | 0000 0000 

  0x000002805c68792c: ;   {runtime_call}
  0x000002805c68792c: 0000 00e9 | fbff ffff 

  0x000002805c687934: ;   {static_stub}
  0x000002805c687934: 9048 bb00 | 0000 0000 

  0x000002805c68793c: ;   {runtime_call}
  0x000002805c68793c: 0000 00e9 | fbff ffff 

  0x000002805c687944: ;   {static_stub}
  0x000002805c687944: 9048 bb00 | 0000 0000 

  0x000002805c68794c: ;   {runtime_call}
  0x000002805c68794c: 0000 00e9 | fbff ffff 

  0x000002805c687954: ;   {static_stub}
  0x000002805c687954: 9048 bb00 | 0000 0000 

  0x000002805c68795c: ;   {runtime_call}
  0x000002805c68795c: 0000 00e9 | fbff ffff 

  0x000002805c687964: ;   {static_stub}
  0x000002805c687964: 9048 bb00 | 0000 0000 

  0x000002805c68796c: ;   {runtime_call}
  0x000002805c68796c: 0000 00e9 | fbff ffff 

  0x000002805c687974: ;   {static_stub}
  0x000002805c687974: 9048 bb00 | 0000 0000 

  0x000002805c68797c: ;   {runtime_call}
  0x000002805c68797c: 0000 00e9 | fbff ffff 

  0x000002805c687984: ;   {static_stub}
  0x000002805c687984: 9048 bb00 | 0000 0000 

  0x000002805c68798c: ;   {runtime_call}
  0x000002805c68798c: 0000 00e9 | fbff ffff 

  0x000002805c687994: ;   {static_stub}
  0x000002805c687994: 9048 bb00 | 0000 0000 

  0x000002805c68799c: ;   {runtime_call}
  0x000002805c68799c: 0000 00e9 | fbff ffff 

  0x000002805c6879a4: ;   {static_stub}
  0x000002805c6879a4: 9048 bb00 | 0000 0000 

  0x000002805c6879ac: ;   {runtime_call}
  0x000002805c6879ac: 0000 00e9 | fbff ffff 

  0x000002805c6879b4: ;   {static_stub}
  0x000002805c6879b4: 9048 bb00 | 0000 0000 

  0x000002805c6879bc: ;   {runtime_call}
  0x000002805c6879bc: 0000 00e9 | fbff ffff 

  0x000002805c6879c4: ;   {static_stub}
  0x000002805c6879c4: 9048 bb00 | 0000 0000 

  0x000002805c6879cc: ;   {runtime_call}
  0x000002805c6879cc: 0000 00e9 | fbff ffff 
[Exception Handler]
  0x000002805c6879d4: ;   {runtime_call handle_exception_from_callee Runtime1 stub}
  0x000002805c6879d4: e8a7 0ddf 

  0x000002805c6879d8: ;   {external_word}
  0x000002805c6879d8: ff48 b928 | 4922 7dfd | 7f00 0048 

  0x000002805c6879e4: ;   {runtime_call}
  0x000002805c6879e4: 83e4 f049 | ba00 feed | 7cfd 7f00 | 0041 ffd2 

  0x000002805c6879f4: ;   {section_word}
  0x000002805c6879f4: f449 baf5 | 7968 5c80 | 0200 0041 

  0x000002805c687a00: ;   {runtime_call DeoptimizationBlob}
  0x000002805c687a00: 52e9 9af8 | d4ff f4f4 
[/MachCode]


---------------  P R O C E S S  ---------------

Threads class SMR info:
_java_thread_list=0x0000028068f82fb0, length=18, elements={
0x000002805441ea30, 0x0000028063a7cec0, 0x0000028063a7dcb0, 0x0000028063a800f0,
0x0000028063a830b0, 0x0000028063a84df0, 0x0000028063a85720, 0x0000028063a86190,
0x0000028063a942a0, 0x0000028067d40590, 0x00000280680f8d30, 0x00000280680f9270,
0x00000280682787e0, 0x000002806838e9a0, 0x000002806865d750, 0x00000280682a1b40,
0x00000280686e6c70, 0x00000280687d94c0
}

Java Threads: ( => current thread )
  0x000002805441ea30 JavaThread "main" [_thread_blocked, id=18084, stack(0x000000d17be00000,0x000000d17bf00000)]
  0x0000028063a7cec0 JavaThread "Reference Handler" daemon [_thread_blocked, id=19852, stack(0x000000d17c500000,0x000000d17c600000)]
  0x0000028063a7dcb0 JavaThread "Finalizer" daemon [_thread_blocked, id=6184, stack(0x000000d17c600000,0x000000d17c700000)]
  0x0000028063a800f0 JavaThread "Signal Dispatcher" daemon [_thread_blocked, id=2472, stack(0x000000d17c700000,0x000000d17c800000)]
  0x0000028063a830b0 JavaThread "Attach Listener" daemon [_thread_blocked, id=18320, stack(0x000000d17c800000,0x000000d17c900000)]
  0x0000028063a84df0 JavaThread "Service Thread" daemon [_thread_blocked, id=11656, stack(0x000000d17c900000,0x000000d17ca00000)]
  0x0000028063a85720 JavaThread "Monitor Deflation Thread" daemon [_thread_blocked, id=6908, stack(0x000000d17ca00000,0x000000d17cb00000)]
  0x0000028063a86190 JavaThread "C1 CompilerThread0" daemon [_thread_blocked, id=14220, stack(0x000000d17cb00000,0x000000d17cc00000)]
  0x0000028063a942a0 JavaThread "Sweeper thread" daemon [_thread_blocked, id=20708, stack(0x000000d17cc00000,0x000000d17cd00000)]
  0x0000028067d40590 JavaThread "Common-Cleaner" daemon [_thread_blocked, id=12476, stack(0x000000d17cd00000,0x000000d17ce00000)]
  0x00000280680f8d30 JavaThread "Monitor Ctrl-Break" daemon [_thread_in_native, id=19996, stack(0x000000d17ce00000,0x000000d17cf00000)]
  0x00000280680f9270 JavaThread "Notification Thread" daemon [_thread_blocked, id=18488, stack(0x000000d17cf00000,0x000000d17d000000)]
  0x00000280682787e0 JavaThread "RMI TCP Accept-0" daemon [_thread_in_native, id=20920, stack(0x000000d17d000000,0x000000d17d100000)]
  0x000002806838e9a0 JavaThread "RMI TCP Connection(1)-192.168.100.84" daemon [_thread_in_native, id=5668, stack(0x000000d17d500000,0x000000d17d600000)]
  0x000002806865d750 JavaThread "RMI Scheduler(0)" daemon [_thread_blocked, id=7632, stack(0x000000d17d600000,0x000000d17d700000)]
  0x00000280682a1b40 JavaThread "Thread-0" [_thread_blocked, id=13808, stack(0x000000d17d800000,0x000000d17d900000)]
=>0x00000280686e6c70 JavaThread "restartedMain" [_thread_in_vm, id=12356, stack(0x000000d17d900000,0x000000d17da00000)]
  0x00000280687d94c0 JavaThread "background-preinit" [_thread_in_vm, id=13428, stack(0x000000d17d700000,0x000000d17d800000)]

Other Threads:
  0x0000028063a672f0 VMThread "VM Thread" [stack: 0x000000d17c400000,0x000000d17c500000] [id=9208] _threads_hazard_ptr=0x0000028068f82fb0
  0x0000028068275f40 WatcherThread "VM Periodic Task Thread" [stack: 0x000000d17d400000,0x000000d17d500000] [id=1348]
  0x000002805445e320 WorkerThread "GC Thread#0" [stack: 0x000000d17bf00000,0x000000d17c000000] [id=13672]
  0x00000280682757f0 WorkerThread "GC Thread#1" [stack: 0x000000d17d100000,0x000000d17d200000] [id=124]
  0x00000280682adb00 WorkerThread "GC Thread#2" [stack: 0x000000d17d200000,0x000000d17d300000] [id=15836]
  0x00000280682addd0 WorkerThread "GC Thread#3" [stack: 0x000000d17d300000,0x000000d17d400000] [id=12008]
  0x0000028054466c90 ConcurrentGCThread "G1 Main Marker" [stack: 0x000000d17c000000,0x000000d17c100000] [id=12416]
  0x0000028054467770 WorkerThread "G1 Conc#0" [stack: 0x000000d17c100000,0x000000d17c200000] [id=8108]
  0x00000280544bd700 ConcurrentGCThread "G1 Refine#0" [stack: 0x000000d17c200000,0x000000d17c300000] [id=12560]
  0x00000280544be150 ConcurrentGCThread "G1 Service" [stack: 0x000000d17c300000,0x000000d17c400000] [id=8448]

Threads with active compile tasks:

VM state: synchronizing (normal execution)

VM Mutex/Monitor currently owned by a thread:  ([mutex/lock_event])
[0x0000028052280fa0] Metaspace_lock - owner thread: 0x00000280686e6c70
[0x000002805441da00] Threads_lock - owner thread: 0x0000028063a672f0

Heap address: 0x00000000c2800000, size: 984 MB, Compressed Oops mode: 32-bit

CDS archive(s) mapped at: [0x0000000800000000-0x0000000800c30000-0x0000000800c30000), size 12779520, SharedBaseAddress: 0x0000000800000000, ArchiveRelocationMode: 0.
Compressed class space mapped at: 0x0000000801000000-0x0000000841000000, reserved size: 1073741824
Narrow klass base: 0x0000000800000000, Narrow klass shift: 0, Narrow klass range: 0x100000000

GC Precious Log:
 CardTable entry size: 512
 Card Set container configuration: InlinePtr #cards 5 size 8 Array Of Cards #cards 12 size 40 Howl #buckets 4 coarsen threshold 1843 Howl Bitmap #cards 512 size 80 coarsen threshold 460 Card regions per heap region 1 cards per card region 2048
 CPUs: 4 total, 4 available
 Memory: 3930M
 Large Page Support: Disabled
 NUMA Support: Disabled
 Compressed Oops: Enabled (32-bit)
 Heap Region Size: 1M
 Heap Min Capacity: 8M
 Heap Initial Capacity: 62M
 Heap Max Capacity: 984M
 Pre-touch: Disabled
 Parallel Workers: 4
 Concurrent Workers: 1
 Concurrent Refinement Workers: 4
 Periodic GC: Disabled

Heap:
 garbage-first heap   total 63488K, used 31207K [0x00000000c2800000, 0x0000000100000000)
  region size 1024K, 25 young (25600K), 2 survivors (2048K)
 Metaspace       used 17930K, committed 18304K, reserved 1114112K
  class space    used 2279K, committed 2496K, reserved 1048576K

Heap Regions: E=young(eden), S=young(survivor), O=old, HS=humongous(starts), HC=humongous(continues), CS=collection set, F=free, OA=open archive, CA=closed archive, TAMS=top-at-mark-start (previous, next)
|   0|0x00000000c2800000, 0x00000000c2900000, 0x00000000c2900000|100%|HS|  |TAMS 0x00000000c2800000, 0x00000000c2800000| Complete 
|   1|0x00000000c2900000, 0x00000000c2a00000, 0x00000000c2a00000|100%| O|  |TAMS 0x00000000c2900000, 0x00000000c2900000| Untracked 
|   2|0x00000000c2a00000, 0x00000000c2b00000, 0x00000000c2b00000|100%| O|  |TAMS 0x00000000c2a00000, 0x00000000c2a00000| Untracked 
|   3|0x00000000c2b00000, 0x00000000c2c00000, 0x00000000c2c00000|100%| O|  |TAMS 0x00000000c2b00000, 0x00000000c2b00000| Untracked 
|   4|0x00000000c2c00000, 0x00000000c2d00000, 0x00000000c2d00000|100%| O|  |TAMS 0x00000000c2c00000, 0x00000000c2c00000| Untracked 
|   5|0x00000000c2d00000, 0x00000000c2e00000, 0x00000000c2e00000|100%| O|  |TAMS 0x00000000c2d00000, 0x00000000c2d00000| Untracked 
|   6|0x00000000c2e00000, 0x00000000c2f00000, 0x00000000c2f00000|100%| O|  |TAMS 0x00000000c2e00000, 0x00000000c2e00000| Untracked 
|   7|0x00000000c2f00000, 0x00000000c2fe6e00, 0x00000000c3000000| 90%| O|  |TAMS 0x00000000c2f00000, 0x00000000c2f00000| Untracked 
|   8|0x00000000c3000000, 0x00000000c3000000, 0x00000000c3100000|  0%| F|  |TAMS 0x00000000c3000000, 0x00000000c3000000| Untracked 
|   9|0x00000000c3100000, 0x00000000c3100000, 0x00000000c3200000|  0%| F|  |TAMS 0x00000000c3100000, 0x00000000c3100000| Untracked 
|  10|0x00000000c3200000, 0x00000000c3200000, 0x00000000c3300000|  0%| F|  |TAMS 0x00000000c3200000, 0x00000000c3200000| Untracked 
|  11|0x00000000c3300000, 0x00000000c3300000, 0x00000000c3400000|  0%| F|  |TAMS 0x00000000c3300000, 0x00000000c3300000| Untracked 
|  12|0x00000000c3400000, 0x00000000c3400000, 0x00000000c3500000|  0%| F|  |TAMS 0x00000000c3400000, 0x00000000c3400000| Untracked 
|  13|0x00000000c3500000, 0x00000000c3500000, 0x00000000c3600000|  0%| F|  |TAMS 0x00000000c3500000, 0x00000000c3500000| Untracked 
|  14|0x00000000c3600000, 0x00000000c3600000, 0x00000000c3700000|  0%| F|  |TAMS 0x00000000c3600000, 0x00000000c3600000| Untracked 
|  15|0x00000000c3700000, 0x00000000c3700000, 0x00000000c3800000|  0%| F|  |TAMS 0x00000000c3700000, 0x00000000c3700000| Untracked 
|  16|0x00000000c3800000, 0x00000000c3800000, 0x00000000c3900000|  0%| F|  |TAMS 0x00000000c3800000, 0x00000000c3800000| Untracked 
|  17|0x00000000c3900000, 0x00000000c3900000, 0x00000000c3a00000|  0%| F|  |TAMS 0x00000000c3900000, 0x00000000c3900000| Untracked 
|  18|0x00000000c3a00000, 0x00000000c3a00000, 0x00000000c3b00000|  0%| F|  |TAMS 0x00000000c3a00000, 0x00000000c3a00000| Untracked 
|  19|0x00000000c3b00000, 0x00000000c3b00000, 0x00000000c3c00000|  0%| F|  |TAMS 0x00000000c3b00000, 0x00000000c3b00000| Untracked 
|  20|0x00000000c3c00000, 0x00000000c3c00000, 0x00000000c3d00000|  0%| F|  |TAMS 0x00000000c3c00000, 0x00000000c3c00000| Untracked 
|  21|0x00000000c3d00000, 0x00000000c3d00000, 0x00000000c3e00000|  0%| F|  |TAMS 0x00000000c3d00000, 0x00000000c3d00000| Untracked 
|  22|0x00000000c3e00000, 0x00000000c3e00000, 0x00000000c3f00000|  0%| F|  |TAMS 0x00000000c3e00000, 0x00000000c3e00000| Untracked 
|  23|0x00000000c3f00000, 0x00000000c3f00000, 0x00000000c4000000|  0%| F|  |TAMS 0x00000000c3f00000, 0x00000000c3f00000| Untracked 
|  24|0x00000000c4000000, 0x00000000c4000000, 0x00000000c4100000|  0%| F|  |TAMS 0x00000000c4000000, 0x00000000c4000000| Untracked 
|  25|0x00000000c4100000, 0x00000000c4100000, 0x00000000c4200000|  0%| F|  |TAMS 0x00000000c4100000, 0x00000000c4100000| Untracked 
|  26|0x00000000c4200000, 0x00000000c4200000, 0x00000000c4300000|  0%| F|  |TAMS 0x00000000c4200000, 0x00000000c4200000| Untracked 
|  27|0x00000000c4300000, 0x00000000c4300000, 0x00000000c4400000|  0%| F|  |TAMS 0x00000000c4300000, 0x00000000c4300000| Untracked 
|  28|0x00000000c4400000, 0x00000000c4400000, 0x00000000c4500000|  0%| F|  |TAMS 0x00000000c4400000, 0x00000000c4400000| Untracked 
|  29|0x00000000c4500000, 0x00000000c4500000, 0x00000000c4600000|  0%| F|  |TAMS 0x00000000c4500000, 0x00000000c4500000| Untracked 
|  30|0x00000000c4600000, 0x00000000c4600000, 0x00000000c4700000|  0%| F|  |TAMS 0x00000000c4600000, 0x00000000c4600000| Untracked 
|  31|0x00000000c4700000, 0x00000000c4700000, 0x00000000c4800000|  0%| F|  |TAMS 0x00000000c4700000, 0x00000000c4700000| Untracked 
|  32|0x00000000c4800000, 0x00000000c4800000, 0x00000000c4900000|  0%| F|  |TAMS 0x00000000c4800000, 0x00000000c4800000| Untracked 
|  33|0x00000000c4900000, 0x00000000c4900000, 0x00000000c4a00000|  0%| F|  |TAMS 0x00000000c4900000, 0x00000000c4900000| Untracked 
|  34|0x00000000c4a00000, 0x00000000c4a00000, 0x00000000c4b00000|  0%| F|  |TAMS 0x00000000c4a00000, 0x00000000c4a00000| Untracked 
|  35|0x00000000c4b00000, 0x00000000c4b00000, 0x00000000c4c00000|  0%| F|  |TAMS 0x00000000c4b00000, 0x00000000c4b00000| Untracked 
|  36|0x00000000c4c00000, 0x00000000c4c00000, 0x00000000c4d00000|  0%| F|  |TAMS 0x00000000c4c00000, 0x00000000c4c00000| Untracked 
|  37|0x00000000c4d00000, 0x00000000c4d92f00, 0x00000000c4e00000| 57%| S|CS|TAMS 0x00000000c4d00000, 0x00000000c4d00000| Complete 
|  38|0x00000000c4e00000, 0x00000000c4f00000, 0x00000000c4f00000|100%| S|CS|TAMS 0x00000000c4e00000, 0x00000000c4e00000| Complete 
|  39|0x00000000c4f00000, 0x00000000c4f366b0, 0x00000000c5000000| 21%| E|  |TAMS 0x00000000c4f00000, 0x00000000c4f00000| Complete 
|  40|0x00000000c5000000, 0x00000000c5100000, 0x00000000c5100000|100%| E|CS|TAMS 0x00000000c5000000, 0x00000000c5000000| Complete 
|  41|0x00000000c5100000, 0x00000000c5200000, 0x00000000c5200000|100%| E|CS|TAMS 0x00000000c5100000, 0x00000000c5100000| Complete 
|  42|0x00000000c5200000, 0x00000000c5300000, 0x00000000c5300000|100%| E|CS|TAMS 0x00000000c5200000, 0x00000000c5200000| Complete 
|  43|0x00000000c5300000, 0x00000000c5400000, 0x00000000c5400000|100%| E|  |TAMS 0x00000000c5300000, 0x00000000c5300000| Complete 
|  44|0x00000000c5400000, 0x00000000c5500000, 0x00000000c5500000|100%| E|CS|TAMS 0x00000000c5400000, 0x00000000c5400000| Complete 
|  45|0x00000000c5500000, 0x00000000c5600000, 0x00000000c5600000|100%| E|CS|TAMS 0x00000000c5500000, 0x00000000c5500000| Complete 
|  46|0x00000000c5600000, 0x00000000c5700000, 0x00000000c5700000|100%| E|CS|TAMS 0x00000000c5600000, 0x00000000c5600000| Complete 
|  47|0x00000000c5700000, 0x00000000c5800000, 0x00000000c5800000|100%| E|CS|TAMS 0x00000000c5700000, 0x00000000c5700000| Complete 
|  48|0x00000000c5800000, 0x00000000c5900000, 0x00000000c5900000|100%| E|CS|TAMS 0x00000000c5800000, 0x00000000c5800000| Complete 
|  49|0x00000000c5900000, 0x00000000c5a00000, 0x00000000c5a00000|100%| E|CS|TAMS 0x00000000c5900000, 0x00000000c5900000| Complete 
|  50|0x00000000c5a00000, 0x00000000c5b00000, 0x00000000c5b00000|100%| E|CS|TAMS 0x00000000c5a00000, 0x00000000c5a00000| Complete 
|  51|0x00000000c5b00000, 0x00000000c5c00000, 0x00000000c5c00000|100%| E|CS|TAMS 0x00000000c5b00000, 0x00000000c5b00000| Complete 
|  52|0x00000000c5c00000, 0x00000000c5d00000, 0x00000000c5d00000|100%| E|CS|TAMS 0x00000000c5c00000, 0x00000000c5c00000| Complete 
|  53|0x00000000c5d00000, 0x00000000c5e00000, 0x00000000c5e00000|100%| E|CS|TAMS 0x00000000c5d00000, 0x00000000c5d00000| Complete 
|  54|0x00000000c5e00000, 0x00000000c5f00000, 0x00000000c5f00000|100%| E|CS|TAMS 0x00000000c5e00000, 0x00000000c5e00000| Complete 
|  55|0x00000000c5f00000, 0x00000000c6000000, 0x00000000c6000000|100%| E|CS|TAMS 0x00000000c5f00000, 0x00000000c5f00000| Complete 
|  56|0x00000000c6000000, 0x00000000c6100000, 0x00000000c6100000|100%| E|CS|TAMS 0x00000000c6000000, 0x00000000c6000000| Complete 
|  57|0x00000000c6100000, 0x00000000c6200000, 0x00000000c6200000|100%| E|CS|TAMS 0x00000000c6100000, 0x00000000c6100000| Complete 
|  58|0x00000000c6200000, 0x00000000c6300000, 0x00000000c6300000|100%| E|CS|TAMS 0x00000000c6200000, 0x00000000c6200000| Complete 
|  59|0x00000000c6300000, 0x00000000c6400000, 0x00000000c6400000|100%| E|CS|TAMS 0x00000000c6300000, 0x00000000c6300000| Complete 
|  60|0x00000000c6400000, 0x00000000c6500000, 0x00000000c6500000|100%| E|CS|TAMS 0x00000000c6400000, 0x00000000c6400000| Complete 
|  61|0x00000000c6500000, 0x00000000c6600000, 0x00000000c6600000|100%| E|CS|TAMS 0x00000000c6500000, 0x00000000c6500000| Complete 

Card table byte_map: [0x000002805f370000,0x000002805f560000] _byte_map_base: 0x000002805ed5c000

Marking Bits (Prev, Next): (CMBitMap*) 0x000002805445e860, (CMBitMap*) 0x000002805445e8a0
 Prev Bits: [0x000002805f750000, 0x00000280606b0000)
 Next Bits: [0x00000280606b0000, 0x0000028061610000)

Polling page: 0x00000280523a0000

Metaspace:

Usage:
  Non-class:     15.28 MB used.
      Class:      2.23 MB used.
       Both:     17.51 MB used.

Virtual space:
  Non-class space:       64.00 MB reserved,      15.44 MB ( 24%) committed,  1 nodes.
      Class space:        1.00 GB reserved,       2.44 MB ( <1%) committed,  1 nodes.
             Both:        1.06 GB reserved,      17.88 MB (  2%) committed. 

Chunk freelists:
   Non-Class:  3.80 MB
       Class:  1.55 MB
        Both:  5.34 MB

MaxMetaspaceSize: unlimited
CompressedClassSpaceSize: 1.00 GB
Initial GC threshold: 21.00 MB
Current GC threshold: 21.00 MB
CDS: on
MetaspaceReclaimPolicy: balanced
 - commit_granule_bytes: 65536.
 - commit_granule_words: 8192.
 - virtual_space_node_default_size: 8388608.
 - enlarge_chunks_in_place: 1.
 - new_chunks_are_fully_committed: 0.
 - uncommit_free_chunks: 1.
 - use_allocation_guard: 0.


Internal statistics:

num_allocs_failed_limit: 0.
num_arena_births: 370.
num_arena_deaths: 0.
num_vsnodes_births: 2.
num_vsnodes_deaths: 0.
num_space_committed: 286.
num_space_uncommitted: 0.
num_chunks_returned_to_freelist: 0.
num_chunks_taken_from_freelist: 854.
num_chunk_merges: 0.
num_chunk_splits: 590.
num_chunks_enlarged: 432.
num_inconsistent_stats: 0.

CodeCache: size=49152Kb used=4715Kb max_used=4715Kb free=44436Kb
 bounds [0x000002805c370000, 0x000002805c810000, 0x000002805f370000]
 total_blobs=2882 nmethods=2382 adapters=426
 compilation: enabled
              stopped_count=0, restarted_count=0
 full_count=0

Compilation events (20 events):
Event: 7.249 Thread 0x0000028063a86190 2370       1       java.lang.Character::isLowSurrogate (18 bytes)
Event: 7.249 Thread 0x0000028063a86190 nmethod 2370 0x000002805c806b90 code [0x000002805c806d20, 0x000002805c806df8]
Event: 7.249 Thread 0x0000028063a86190 2372       1       org.springframework.util.StringUtils::delimitedListToStringArray (164 bytes)
Event: 7.251 Thread 0x0000028063a86190 nmethod 2372 0x000002805c806e90 code [0x000002805c807120, 0x000002805c807c68]
Event: 7.251 Thread 0x0000028063a86190 2371       1       org.springframework.util.StringUtils::delimitedListToStringArray (7 bytes)
Event: 7.252 Thread 0x0000028063a86190 nmethod 2371 0x000002805c808390 code [0x000002805c808520, 0x000002805c8085e8]
Event: 7.252 Thread 0x0000028063a86190 2373       1       java.util.Collections$UnmodifiableCollection::iterator (9 bytes)
Event: 7.252 Thread 0x0000028063a86190 nmethod 2373 0x000002805c808690 code [0x000002805c808840, 0x000002805c808a48]
Event: 7.252 Thread 0x0000028063a86190 2374       1       java.util.Collections$UnmodifiableCollection$1::<init> (26 bytes)
Event: 7.252 Thread 0x0000028063a86190 nmethod 2374 0x000002805c808b10 code [0x000002805c808cc0, 0x000002805c808e68]
Event: 7.273 Thread 0x0000028063a86190 2375       1       java.util.IdentityHashMap::nextKeyIndex (15 bytes)
Event: 7.273 Thread 0x0000028063a86190 nmethod 2375 0x000002805c808f10 code [0x000002805c8090a0, 0x000002805c809158]
Event: 7.275 Thread 0x0000028063a86190 2376       1       java.util.ArrayDeque::addLast (51 bytes)
Event: 7.275 Thread 0x0000028063a86190 nmethod 2376 0x000002805c809210 code [0x000002805c8093c0, 0x000002805c809658]
Event: 7.276 Thread 0x0000028063a86190 2377       1       java.util.ArrayDeque::add (7 bytes)
Event: 7.276 Thread 0x0000028063a86190 nmethod 2377 0x000002805c809790 code [0x000002805c809920, 0x000002805c809a08]
Event: 7.276 Thread 0x0000028063a86190 2378       1       java.util.ArrayDeque::poll (5 bytes)
Event: 7.276 Thread 0x0000028063a86190 nmethod 2378 0x000002805c809a90 code [0x000002805c809c20, 0x000002805c809d08]
Event: 7.284 Thread 0x0000028063a86190 2379       1       java.util.concurrent.ThreadLocalRandom::getProbe (13 bytes)
Event: 7.285 Thread 0x0000028063a86190 nmethod 2379 0x000002805c809d90 code [0x000002805c809f20, 0x000002805c809fd8]

GC Heap History (6 events):
Event: 3.489 GC heap before
{Heap before GC invocations=0 (full 0):
 garbage-first heap   total 63488K, used 13312K [0x00000000c2800000, 0x0000000100000000)
  region size 1024K, 13 young (13312K), 0 survivors (0K)
 Metaspace       used 4623K, committed 4800K, reserved 1114112K
  class space    used 538K, committed 640K, reserved 1048576K
}
Event: 3.500 GC heap after
{Heap after GC invocations=1 (full 0):
 garbage-first heap   total 63488K, used 6336K [0x00000000c2800000, 0x0000000100000000)
  region size 1024K, 2 young (2048K), 2 survivors (2048K)
 Metaspace       used 4623K, committed 4800K, reserved 1114112K
  class space    used 538K, committed 640K, reserved 1048576K
}
Event: 4.988 GC heap before
{Heap before GC invocations=1 (full 0):
 garbage-first heap   total 63488K, used 18624K [0x00000000c2800000, 0x0000000100000000)
  region size 1024K, 14 young (14336K), 2 survivors (2048K)
 Metaspace       used 8298K, committed 8512K, reserved 1114112K
  class space    used 1008K, committed 1088K, reserved 1048576K
}
Event: 4.997 GC heap after
{Heap after GC invocations=2 (full 0):
 garbage-first heap   total 63488K, used 8199K [0x00000000c2800000, 0x0000000100000000)
  region size 1024K, 2 young (2048K), 2 survivors (2048K)
 Metaspace       used 8298K, committed 8512K, reserved 1114112K
  class space    used 1008K, committed 1088K, reserved 1048576K
}
Event: 6.143 GC heap before
{Heap before GC invocations=2 (full 0):
 garbage-first heap   total 63488K, used 28679K [0x00000000c2800000, 0x0000000100000000)
  region size 1024K, 23 young (23552K), 2 survivors (2048K)
 Metaspace       used 12476K, committed 12800K, reserved 1114112K
  class space    used 1627K, committed 1792K, reserved 1048576K
}
Event: 6.150 GC heap after
{Heap after GC invocations=3 (full 0):
 garbage-first heap   total 63488K, used 9703K [0x00000000c2800000, 0x0000000100000000)
  region size 1024K, 2 young (2048K), 2 survivors (2048K)
 Metaspace       used 12476K, committed 12800K, reserved 1114112K
  class space    used 1627K, committed 1792K, reserved 1048576K
}

Dll operation events (12 events):
Event: 0.027 Loaded shared library C:\Users\Ahmed\.jdks\openjdk-19.0.1\bin\java.dll
Event: 0.043 Loaded shared library C:\Users\Ahmed\.jdks\openjdk-19.0.1\bin\jsvml.dll
Event: 0.436 Loaded shared library C:\Users\Ahmed\.jdks\openjdk-19.0.1\bin\zip.dll
Event: 0.445 Loaded shared library C:\Users\Ahmed\.jdks\openjdk-19.0.1\bin\instrument.dll
Event: 0.466 Loaded shared library C:\Users\Ahmed\.jdks\openjdk-19.0.1\bin\net.dll
Event: 0.472 Loaded shared library C:\Users\Ahmed\.jdks\openjdk-19.0.1\bin\nio.dll
Event: 0.482 Loaded shared library C:\Users\Ahmed\.jdks\openjdk-19.0.1\bin\zip.dll
Event: 1.040 Loaded shared library C:\Program Files\JetBrains\IntelliJ IDEA 2022.2.3\bin\breakgen64.dll
Event: 1.059 Loaded shared library C:\Users\Ahmed\.jdks\openjdk-19.0.1\bin\jimage.dll
Event: 1.073 Loaded shared library C:\Users\Ahmed\.jdks\openjdk-19.0.1\bin\extnet.dll
Event: 1.436 Loaded shared library C:\Users\Ahmed\.jdks\openjdk-19.0.1\bin\management.dll
Event: 1.610 Loaded shared library C:\Users\Ahmed\.jdks\openjdk-19.0.1\bin\management_ext.dll

Deoptimization events (4 events):
Event: 2.328 Thread 0x000002805441ea30 DEOPT PACKING pc=0x000002805c58c0d5 sp=0x000000d17befd170
Event: 2.328 Thread 0x000002805441ea30 DEOPT UNPACKING pc=0x000002805c3d7524 sp=0x000000d17befc620 mode 3
Event: 2.371 Thread 0x000002805441ea30 DEOPT PACKING pc=0x000002805c59ea50 sp=0x000000d17befd140
Event: 2.371 Thread 0x000002805441ea30 DEOPT UNPACKING pc=0x000002805c3d7524 sp=0x000000d17befc5f8 mode 3

Classes loaded (20 events):
Event: 7.120 Loading class java/nio/file/FileTreeWalker$EventType
Event: 7.120 Loading class java/nio/file/FileTreeWalker$EventType done
Event: 7.122 Loading class java/util/stream/SortedOps
Event: 7.125 Loading class java/util/stream/SortedOps done
Event: 7.125 Loading class java/util/stream/SortedOps$OfRef
Event: 7.128 Loading class java/util/stream/SortedOps$OfRef done
Event: 7.128 Loading class java/util/Comparators$NaturalOrderComparator
Event: 7.131 Loading class java/util/Comparators$NaturalOrderComparator done
Event: 7.132 Loading class java/util/stream/SortedOps$RefSortingSink
Event: 7.133 Loading class java/util/stream/SortedOps$AbstractRefSortingSink
Event: 7.137 Loading class java/util/stream/SortedOps$AbstractRefSortingSink done
Event: 7.137 Loading class java/util/stream/SortedOps$RefSortingSink done
Event: 7.153 Loading class java/util/regex/Pattern$LazyLoop
Event: 7.155 Loading class java/util/regex/Pattern$Loop
Event: 7.175 Loading class java/util/regex/Pattern$Loop done
Event: 7.175 Loading class java/util/regex/Pattern$LazyLoop done
Event: 7.175 Loading class java/util/regex/Pattern$Prolog
Event: 7.177 Loading class java/util/regex/Pattern$Prolog done
Event: 7.273 Loading class java/lang/AssertionError
Event: 7.273 Loading class java/lang/AssertionError done

Classes unloaded (0 events):
No events

Classes redefined (0 events):
No events

Internal exceptions (20 events):
Event: 5.525 Thread 0x00000280686e6c70 Exception <a 'java/lang/NoSuchMethodError'{0x00000000c5a1c878}: 'java.lang.Object java.lang.invoke.DirectMethodHandle$Holder.invokeSpecial(java.lang.Object, java.lang.Object, java.lang.Object, java.lang.Object, java.lang.Object, java.lang.Object, java.lang.Object, int)'> (0x00000000c5a1c878) 
thrown [s\open\src\hotspot\share\interpreter\linkResolver.cpp, line 774]
Event: 5.655 Thread 0x00000280686e6c70 Exception <a 'java/lang/NoSuchMethodError'{0x00000000c57a3868}: 'java.lang.Object java.lang.invoke.DirectMethodHandle$Holder.invokeSpecial(java.lang.Object, java.lang.Object, java.lang.Object, int, java.lang.Object)'> (0x00000000c57a3868) 
thrown [s\open\src\hotspot\share\interpreter\linkResolver.cpp, line 774]
Event: 5.656 Thread 0x00000280686e6c70 Exception <a 'java/lang/NoSuchMethodError'{0x00000000c57abde0}: 'java.lang.Object java.lang.invoke.DirectMethodHandle$Holder.newInvokeSpecial(java.lang.Object, java.lang.Object, java.lang.Object, int, java.lang.Object)'> (0x00000000c57abde0) 
thrown [s\open\src\hotspot\share\interpreter\linkResolver.cpp, line 774]
Event: 5.657 Thread 0x00000280686e6c70 Exception <a 'java/lang/NoSuchMethodError'{0x00000000c57b37d0}: 'java.lang.Object java.lang.invoke.Invokers$Holder.linkToTargetMethod(java.lang.Object, java.lang.Object, int, java.lang.Object, java.lang.Object)'> (0x00000000c57b37d0) 
thrown [s\open\src\hotspot\share\interpreter\linkResolver.cpp, line 774]
Event: 5.660 Thread 0x00000280686e6c70 Exception <a 'java/lang/NoSuchMethodError'{0x00000000c57c2f30}: 'java.lang.Object java.lang.invoke.DirectMethodHandle$Holder.newInvokeSpecial(java.lang.Object, int, java.lang.Object)'> (0x00000000c57c2f30) 
thrown [s\open\src\hotspot\share\interpreter\linkResolver.cpp, line 774]
Event: 5.661 Thread 0x00000280686e6c70 Exception <a 'java/lang/NoSuchMethodError'{0x00000000c57c6ef0}: 'int java.lang.invoke.DirectMethodHandle$Holder.invokeSpecialIFC(java.lang.Object, java.lang.Object, java.lang.Object, java.lang.Object)'> (0x00000000c57c6ef0) 
thrown [s\open\src\hotspot\share\interpreter\linkResolver.cpp, line 774]
Event: 5.726 Thread 0x00000280686e6c70 Exception <a 'java/lang/NoSuchMethodError'{0x00000000c55c1d48}: 'void java.lang.invoke.DirectMethodHandle$Holder.invokeInterface(java.lang.Object, java.lang.Object, java.lang.Object)'> (0x00000000c55c1d48) 
thrown [s\open\src\hotspot\share\interpreter\linkResolver.cpp, line 774]
Event: 5.822 Thread 0x00000280686e6c70 Exception <a 'java/lang/NoSuchMethodError'{0x00000000c532eb68}: 'void java.lang.invoke.DirectMethodHandle$Holder.invokeStatic(java.lang.Object, java.lang.Object, int)'> (0x00000000c532eb68) 
thrown [s\open\src\hotspot\share\interpreter\linkResolver.cpp, line 774]
Event: 5.825 Thread 0x00000280686e6c70 Exception <a 'java/lang/NoSuchMethodError'{0x00000000c5336958}: 'void java.lang.invoke.DirectMethodHandle$Holder.invokeStaticInit(java.lang.Object, java.lang.Object)'> (0x00000000c5336958) 
thrown [s\open\src\hotspot\share\interpreter\linkResolver.cpp, line 774]
Event: 5.830 Thread 0x00000280686e6c70 Exception <a 'java/lang/NoSuchMethodError'{0x00000000c53441e8}: 'void java.lang.invoke.DirectMethodHandle$Holder.invokeStaticInit(java.lang.Object, java.lang.Object, java.lang.Object)'> (0x00000000c53441e8) 
thrown [s\open\src\hotspot\share\interpreter\linkResolver.cpp, line 774]
Event: 5.839 Thread 0x00000280686e6c70 Exception <a 'java/lang/NoSuchMethodError'{0x00000000c5380f20}: 'java.lang.Object java.lang.invoke.DirectMethodHandle$Holder.invokeStatic(java.lang.Object, long, java.lang.Object)'> (0x00000000c5380f20) 
thrown [s\open\src\hotspot\share\interpreter\linkResolver.cpp, line 774]
Event: 5.840 Thread 0x00000280686e6c70 Exception <a 'java/lang/NoSuchMethodError'{0x00000000c5384820}: 'java.lang.Object java.lang.invoke.DirectMethodHandle$Holder.invokeStaticInit(java.lang.Object, long, java.lang.Object)'> (0x00000000c5384820) 
thrown [s\open\src\hotspot\share\interpreter\linkResolver.cpp, line 774]
Event: 5.840 Thread 0x00000280686e6c70 Exception <a 'java/lang/NoSuchMethodError'{0x00000000c538a818}: 'java.lang.Object java.lang.invoke.DirectMethodHandle$Holder.newInvokeSpecial(java.lang.Object, long)'> (0x00000000c538a818) 
thrown [s\open\src\hotspot\share\interpreter\linkResolver.cpp, line 774]
Event: 5.875 Thread 0x00000280686e6c70 Exception <a 'java/lang/NoSuchMethodError'{0x00000000c53da268}: 'void java.lang.invoke.DirectMethodHandle$Holder.invokeVirtual(java.lang.Object, java.lang.Object, java.lang.Object, java.lang.Object)'> (0x00000000c53da268) 
thrown [s\open\src\hotspot\share\interpreter\linkResolver.cpp, line 774]
Event: 6.030 Thread 0x00000280686e6c70 Exception <a 'java/lang/NoSuchMethodError'{0x00000000c510c0f8}: 'void java.lang.invoke.DirectMethodHandle$Holder.invokeSpecial(java.lang.Object, java.lang.Object, java.lang.Object, java.lang.Object, java.lang.Object)'> (0x00000000c510c0f8) 
thrown [s\open\src\hotspot\share\interpreter\linkResolver.cpp, line 774]
Event: 6.043 Thread 0x00000280686e6c70 Exception <a 'java/lang/IncompatibleClassChangeError'{0x00000000c513bf88}: Found class java.lang.Object, but interface was expected> (0x00000000c513bf88) 
thrown [s\open\src\hotspot\share\interpreter\linkResolver.cpp, line 841]
Event: 6.055 Thread 0x00000280687d94c0 Exception <a 'java/lang/NoClassDefFoundError'{0x00000000c5171cb8}: jakarta/validation/Validation> (0x00000000c5171cb8) 
thrown [s\open\src\hotspot\share\classfile\systemDictionary.cpp, line 244]
Event: 6.363 Thread 0x00000280686e6c70 Exception <a 'java/lang/NoSuchMethodError'{0x00000000c5fa8bf0}: 'int java.lang.invoke.Invokers$Holder.invokeExact_MT(java.lang.Object, java.lang.Object)'> (0x00000000c5fa8bf0) 
thrown [s\open\src\hotspot\share\interpreter\linkResolver.cpp, line 774]
Event: 7.108 Thread 0x00000280686e6c70 Exception <a 'java/lang/NoSuchMethodError'{0x00000000c52ca550}: 'int java.lang.invoke.DirectMethodHandle$Holder.invokeSpecial(java.lang.Object, java.lang.Object, java.lang.Object, java.lang.Object, java.lang.Object)'> (0x00000000c52ca550) 
thrown [s\open\src\hotspot\share\interpreter\linkResolver.cpp, line 774]
Event: 7.121 Thread 0x00000280686e6c70 Exception <a 'java/lang/NoSuchMethodError'{0x00000000c52d3090}: 'void java.lang.invoke.DirectMethodHandle$Holder.invokeVirtual(java.lang.Object, java.lang.Object)'> (0x00000000c52d3090) 
thrown [s\open\src\hotspot\share\interpreter\linkResolver.cpp, line 774]

VM Operations (20 events):
Event: 4.988 Executing VM operation: G1CollectForAllocation
Event: 4.997 Executing VM operation: G1CollectForAllocation done
Event: 5.240 Executing VM operation: HandshakeAllThreads
Event: 5.240 Executing VM operation: HandshakeAllThreads done
Event: 5.600 Executing VM operation: HandshakeAllThreads
Event: 5.600 Executing VM operation: HandshakeAllThreads done
Event: 5.877 Executing VM operation: ICBufferFull
Event: 5.877 Executing VM operation: ICBufferFull done
Event: 6.005 Executing VM operation: HandshakeAllThreads
Event: 6.006 Executing VM operation: HandshakeAllThreads done
Event: 6.020 Executing VM operation: HandshakeAllThreads
Event: 6.020 Executing VM operation: HandshakeAllThreads done
Event: 6.143 Executing VM operation: G1CollectForAllocation
Event: 6.150 Executing VM operation: G1CollectForAllocation done
Event: 6.656 Executing VM operation: HandshakeAllThreads
Event: 6.656 Executing VM operation: HandshakeAllThreads done
Event: 6.805 Executing VM operation: HandshakeAllThreads
Event: 6.805 Executing VM operation: HandshakeAllThreads done
Event: 6.920 Executing VM operation: HandshakeAllThreads
Event: 6.920 Executing VM operation: HandshakeAllThreads done

Events (20 events):
Event: 0.077 Thread 0x0000028063a942a0 Thread added: 0x0000028063a942a0
Event: 0.329 Thread 0x0000028067d40590 Thread added: 0x0000028067d40590
Event: 1.041 Thread 0x00000280680f8d30 Thread added: 0x00000280680f8d30
Event: 1.041 Thread 0x00000280680f9270 Thread added: 0x00000280680f9270
Event: 3.473 Thread 0x00000280682787e0 Thread added: 0x00000280682787e0
Event: 4.190 Thread 0x000002806838e9a0 Thread added: 0x000002806838e9a0
Event: 4.256 Thread 0x000002806865d750 Thread added: 0x000002806865d750
Event: 4.312 Thread 0x000002806866ee10 Thread added: 0x000002806866ee10
Event: 5.090 Thread 0x00000280682a1b40 Thread added: 0x00000280682a1b40
Event: 5.102 Thread 0x00000280686e6c70 Thread added: 0x00000280686e6c70
Event: 5.138 Thread 0x000002806866ee10 Thread exited: 0x000002806866ee10
Event: 5.640 Thread 0x00000280686dfae0 Thread added: 0x00000280686dfae0
Event: 5.650 Thread 0x00000280686dfae0 Thread exited: 0x00000280686dfae0
Event: 6.038 Thread 0x00000280687d94c0 Thread added: 0x00000280687d94c0
Event: 6.153 Thread 0x00000280687d7f80 Thread added: 0x00000280687d7f80
Event: 6.187 Thread 0x00000280687d7f80 Thread exited: 0x00000280687d7f80
Event: 6.666 Thread 0x00000280687d7a30 Thread added: 0x00000280687d7a30
Event: 6.709 Thread 0x00000280687d7a30 Thread exited: 0x00000280687d7a30
Event: 7.178 Thread 0x00000280687d8a20 Thread added: 0x00000280687d8a20
Event: 7.198 Thread 0x00000280687d8a20 Thread exited: 0x00000280687d8a20


Dynamic libraries:
0x00007ff7c7750000 - 0x00007ff7c775e000 	C:\Users\Ahmed\.jdks\openjdk-19.0.1\bin\java.exe
0x00007ffdd1790000 - 0x00007ffdd1988000 	C:\Windows\SYSTEM32\ntdll.dll
0x00007ffdcfee0000 - 0x00007ffdcff9f000 	C:\Windows\System32\KERNEL32.DLL
0x00007ffdcee40000 - 0x00007ffdcf136000 	C:\Windows\System32\KERNELBASE.dll
0x00007ffdcf3c0000 - 0x00007ffdcf4c0000 	C:\Windows\System32\ucrtbase.dll
0x00007ffdc9c60000 - 0x00007ffdc9c77000 	C:\Users\Ahmed\.jdks\openjdk-19.0.1\bin\jli.dll
0x00007ffdc9a60000 - 0x00007ffdc9a7b000 	C:\Users\Ahmed\.jdks\openjdk-19.0.1\bin\VCRUNTIME140.dll
0x00007ffdd0480000 - 0x00007ffdd061d000 	C:\Windows\System32\USER32.dll
0x00007ffdcf4c0000 - 0x00007ffdcf4e2000 	C:\Windows\System32\win32u.dll
0x00007ffdd0e80000 - 0x00007ffdd0eac000 	C:\Windows\System32\GDI32.dll
0x00007ffdcf140000 - 0x00007ffdcf255000 	C:\Windows\System32\gdi32full.dll
0x00007ffdcf260000 - 0x00007ffdcf2fd000 	C:\Windows\System32\msvcp_win.dll
0x00007ffdb6070000 - 0x00007ffdb630a000 	C:\Windows\WinSxS\amd64_microsoft.windows.common-controls_6595b64144ccf1df_6.0.19041.1110_none_60b5254171f9507e\COMCTL32.dll
0x00007ffdcffa0000 - 0x00007ffdd003e000 	C:\Windows\System32\msvcrt.dll
0x00007ffdcfeb0000 - 0x00007ffdcfee0000 	C:\Windows\System32\IMM32.DLL
0x00007ffdca6f0000 - 0x00007ffdca6fc000 	C:\Users\Ahmed\.jdks\openjdk-19.0.1\bin\vcruntime140_1.dll
0x00007ffdae140000 - 0x00007ffdae1ce000 	C:\Users\Ahmed\.jdks\openjdk-19.0.1\bin\msvcp140.dll
0x00007ffd7c8c0000 - 0x00007ffd7d580000 	C:\Users\Ahmed\.jdks\openjdk-19.0.1\bin\server\jvm.dll
0x00007ffdd1410000 - 0x00007ffdd14bf000 	C:\Windows\System32\ADVAPI32.dll
0x00007ffdd02c0000 - 0x00007ffdd035c000 	C:\Windows\System32\sechost.dll
0x00007ffdd0190000 - 0x00007ffdd02b6000 	C:\Windows\System32\RPCRT4.dll
0x00007ffdc9280000 - 0x00007ffdc928a000 	C:\Windows\SYSTEM32\VERSION.dll
0x00007ffdbd460000 - 0x00007ffdbd487000 	C:\Windows\SYSTEM32\WINMM.dll
0x00007ffdb6f20000 - 0x00007ffdb6f29000 	C:\Windows\SYSTEM32\WSOCK32.dll
0x00007ffdd0da0000 - 0x00007ffdd0e0b000 	C:\Windows\System32\WS2_32.dll
0x00007ffdcccf0000 - 0x00007ffdccd02000 	C:\Windows\SYSTEM32\kernel.appcore.dll
0x00007ffdca660000 - 0x00007ffdca66a000 	C:\Users\Ahmed\.jdks\openjdk-19.0.1\bin\jimage.dll
0x00007ffdc7ca0000 - 0x00007ffdc7e84000 	C:\Windows\SYSTEM32\DBGHELP.DLL
0x00007ffdc7c50000 - 0x00007ffdc7c84000 	C:\Windows\SYSTEM32\dbgcore.DLL
0x00007ffdcf520000 - 0x00007ffdcf5a2000 	C:\Windows\System32\bcryptPrimitives.dll
0x00007ffdc6bc0000 - 0x00007ffdc6bce000 	C:\Users\Ahmed\.jdks\openjdk-19.0.1\bin\instrument.dll
0x00007ffdc9910000 - 0x00007ffdc9936000 	C:\Users\Ahmed\.jdks\openjdk-19.0.1\bin\java.dll
0x00007ffdab970000 - 0x00007ffdaba47000 	C:\Users\Ahmed\.jdks\openjdk-19.0.1\bin\jsvml.dll
0x00007ffdd0640000 - 0x00007ffdd0d84000 	C:\Windows\System32\SHELL32.dll
0x00007ffdccef0000 - 0x00007ffdcd683000 	C:\Windows\SYSTEM32\windows.storage.dll
0x00007ffdd0fc0000 - 0x00007ffdd1314000 	C:\Windows\System32\combase.dll
0x00007ffdce890000 - 0x00007ffdce8be000 	C:\Windows\SYSTEM32\Wldp.dll
0x00007ffdd15f0000 - 0x00007ffdd169d000 	C:\Windows\System32\SHCORE.dll
0x00007ffdd0eb0000 - 0x00007ffdd0f05000 	C:\Windows\System32\shlwapi.dll
0x00007ffdced80000 - 0x00007ffdced9f000 	C:\Windows\SYSTEM32\profapi.dll
0x00007ffdc92f0000 - 0x00007ffdc9308000 	C:\Users\Ahmed\.jdks\openjdk-19.0.1\bin\zip.dll
0x00007ffdc99b0000 - 0x00007ffdc99c3000 	C:\Users\Ahmed\.jdks\openjdk-19.0.1\bin\net.dll
0x00007ffdc75b0000 - 0x00007ffdc76ba000 	C:\Windows\SYSTEM32\WINHTTP.dll
0x00007ffdce5f0000 - 0x00007ffdce65a000 	C:\Windows\system32\mswsock.dll
0x00007ffdc97d0000 - 0x00007ffdc97e6000 	C:\Users\Ahmed\.jdks\openjdk-19.0.1\bin\nio.dll
0x00007ffdb55b0000 - 0x00007ffdb55ca000 	C:\Program Files\JetBrains\IntelliJ IDEA 2022.2.3\bin\breakgen64.dll
0x00007ffdc9e40000 - 0x00007ffdc9e48000 	C:\Users\Ahmed\.jdks\openjdk-19.0.1\bin\extnet.dll
0x00007ffdce2e0000 - 0x00007ffdce3aa000 	C:\Windows\SYSTEM32\DNSAPI.dll
0x00007ffdce290000 - 0x00007ffdce2cc000 	C:\Windows\SYSTEM32\IPHLPAPI.DLL
0x00007ffdd1320000 - 0x00007ffdd1328000 	C:\Windows\System32\NSI.dll
0x0000000050050000 - 0x0000000050076000 	C:\Program Files\Bonjour\mdnsNSP.dll
0x00007ffdc7b40000 - 0x00007ffdc7b4a000 	C:\Windows\System32\rasadhlp.dll
0x00007ffdc5970000 - 0x00007ffdc59f2000 	C:\Windows\System32\fwpuclnt.dll
0x00007ffdcf4f0000 - 0x00007ffdcf517000 	C:\Windows\System32\bcrypt.dll
0x00007ffdca210000 - 0x00007ffdca21a000 	C:\Users\Ahmed\.jdks\openjdk-19.0.1\bin\management.dll
0x00007ffdca1e0000 - 0x00007ffdca1eb000 	C:\Users\Ahmed\.jdks\openjdk-19.0.1\bin\management_ext.dll
0x00007ffdd0e70000 - 0x00007ffdd0e78000 	C:\Windows\System32\PSAPI.DLL
0x00007ffdce7f0000 - 0x00007ffdce808000 	C:\Windows\SYSTEM32\CRYPTSP.dll
0x00007ffdcdea0000 - 0x00007ffdcded4000 	C:\Windows\system32\rsaenh.dll
0x00007ffdced40000 - 0x00007ffdced6e000 	C:\Windows\SYSTEM32\USERENV.dll
0x00007ffdce7e0000 - 0x00007ffdce7ec000 	C:\Windows\SYSTEM32\CRYPTBASE.dll
0x00007ffdc7e90000 - 0x00007ffdc7ea7000 	C:\Windows\SYSTEM32\dhcpcsvc6.DLL
0x00007ffdc81d0000 - 0x00007ffdc81ed000 	C:\Windows\SYSTEM32\dhcpcsvc.DLL
0x00007ffdb3770000 - 0x00007ffdb3787000 	C:\Windows\system32\napinsp.dll
0x00007ffdb3750000 - 0x00007ffdb376b000 	C:\Windows\system32\pnrpnsp.dll
0x00007ffdb3730000 - 0x00007ffdb3745000 	C:\Windows\system32\wshbth.dll
0x00007ffdc9290000 - 0x00007ffdc92ad000 	C:\Windows\system32\NLAapi.dll
0x00007ffdb3710000 - 0x00007ffdb3722000 	C:\Windows\System32\winrnr.dll

dbghelp: loaded successfully - version: 4.0.5 - missing functions: none
symbol engine: initialized successfully - sym options: 0x614 - pdb path: .;C:\Users\Ahmed\.jdks\openjdk-19.0.1\bin;C:\Windows\SYSTEM32;C:\Windows\WinSxS\amd64_microsoft.windows.common-controls_6595b64144ccf1df_6.0.19041.1110_none_60b5254171f9507e;C:\Users\Ahmed\.jdks\openjdk-19.0.1\bin\server;C:\Program Files\JetBrains\IntelliJ IDEA 2022.2.3\bin;C:\Program Files\Bonjour

VM Arguments:
jvm_args: -XX:TieredStopAtLevel=1 -Dspring.output.ansi.enabled=always -Dcom.sun.management.jmxremote -Dspring.jmx.enabled=true -Dspring.liveBeansView.mbeanDomain -Dspring.application.admin.enabled=true -javaagent:C:\Program Files\JetBrains\IntelliJ IDEA 2022.2.3\lib\idea_rt.jar=58389:C:\Program Files\JetBrains\IntelliJ IDEA 2022.2.3\bin -Dfile.encoding=UTF-8 -Dsun.stdout.encoding=UTF-8 -Dsun.stderr.encoding=UTF-8 
java_command: by.ahmed.sweeterapp.SweeterAppApplication
java_class_path (initial): C:\Users\Ahmed\IdeaProjects\sweeter-app\target\classes;C:\Users\Ahmed\.m2\repository\org\springframework\boot\spring-boot-starter-thymeleaf\3.1.1\spring-boot-starter-thymeleaf-3.1.1.jar;C:\Users\Ahmed\.m2\repository\org\springframework\boot\spring-boot-starter\3.1.1\spring-boot-starter-3.1.1.jar;C:\Users\Ahmed\.m2\repository\org\springframework\boot\spring-boot-starter-logging\3.1.1\spring-boot-starter-logging-3.1.1.jar;C:\Users\Ahmed\.m2\repository\ch\qos\logback\logback-classic\1.4.8\logback-classic-1.4.8.jar;C:\Users\Ahmed\.m2\repository\ch\qos\logback\logback-core\1.4.8\logback-core-1.4.8.jar;C:\Users\Ahmed\.m2\repository\org\apache\logging\log4j\log4j-to-slf4j\2.20.0\log4j-to-slf4j-2.20.0.jar;C:\Users\Ahmed\.m2\repository\org\apache\logging\log4j\log4j-api\2.20.0\log4j-api-2.20.0.jar;C:\Users\Ahmed\.m2\repository\org\slf4j\jul-to-slf4j\2.0.7\jul-to-slf4j-2.0.7.jar;C:\Users\Ahmed\.m2\repository\jakarta\annotation\jakarta.annotation-api\2.1.1\jakarta.annotation-api-2.1.1.jar;C:\Users\Ahmed\.m2\repository\org\yaml\snakeyaml\1.33\snakeyaml-1.33.jar;C:\Users\Ahmed\.m2\repository\org\thymeleaf\thymeleaf-spring6\3.1.1.RELEASE\thymeleaf-spring6-3.1.1.RELEASE.jar;C:\Users\Ahmed\.m2\repository\org\thymeleaf\thymeleaf\3.1.1.RELEASE\thymeleaf-3.1.1.RELEASE.jar;C:\Users\Ahmed\.m2\repository\org\attoparser\attoparser\2.0.6.RELEASE\attoparser-2.0.6.RELEASE.jar;C:\Users\Ahmed\.m2\repository\org\unbescape\unbescape\1.1.6.RELEASE\unbescape-1.1.6.RELEASE.jar;C:\Users\Ahmed\.m2\repository\org\springframework\boot\spring-boot-starter-web\3.1.1\spring-boot-starter-web-3.1.1.jar;C:\Users\Ahmed\.m2\repository\org\springframework\boot\spring-boot-starter-json\3.1.1\spring-boot-starter-json-3.1.1.jar;C:\Users\Ahmed\.m2\repository\com\fasterxml\jackson\core\jackson-databind\2.15.2\jackson-databind-2.15.2.jar;C:\Users\Ahmed\.m2\repository\com\fasterxml\jackson\core\jackson-annotations\2.15.2\jackson-annotations-2.15.2.jar;C:\Users\Ahmed\.m2\repository\com\fasterxml\jackson\core\jackson-core\2.15.2\jackson-core-2.15.2.jar;C:\Users\Ahmed\.m2\repository\com\fasterxml\jackson\datatype\jackson-datatype-jdk8\2.15.2\jackson-datatype-jdk8-2.15.2.jar;C:\Users\Ahmed\.m2\repository\com\fasterxml\jackson\datatype\jackson-datatype-jsr310\2.15.2\jackson-datatype-jsr310-2.15.2.jar;C:\Users\Ahmed\.m2\repository\com\fasterxml\jackson\module\jackson-module-parameter-names\2.15.2\jackson-module-parameter-names-2.15.2.jar;C:\Users\Ahmed\.m2\repository\org\springframework\boot\spring-boot-starter-tomcat\3.1.1\spring-boot-starter-tomcat-3.1.1.jar;C:\Users\Ahmed\.m2\repository\org\apache\tomcat\embed\tomcat-embed-core\10.1.10\tomcat-embed-core-10.1.10.jar;C:\Users\Ahmed\.m2\repository\org\apache\tomcat\embed\tomcat-embed-el\10.1.10\tomcat-embed-el-10.1.10.jar;C:\Users\Ahmed\.m2\repository\org\apache\tomcat\embed\tomcat-embed-websocket\10.1.10\tomcat-embed-websocket-10.1.10.jar;C:\Users\Ahmed\.m2\repository\org\springframework\spring-web\6.0.10\spring-web-6.0.10.jar;C:\Users\Ahmed\.m2\repository\org\springframework\spring-beans\6.0.10\spring-beans-6.0.10.jar;C:\Users\Ahmed\.m2\repository\io\micrometer\micrometer-observation\1.11.1\micrometer-observation-1.11.1.jar;C:\Users\Ahmed\.m2\repository\io\micrometer\micrometer-commons\1.11.1\micrometer-commons-1.11.1.jar;C:\Users\Ahmed\.m2\repository\org\springframework\spring-webmvc\6.0.10\spring-webmvc-6.0.10.jar;C:\Users\Ahmed\.m2\repository\org\springframework\spring-context\6.0.10\spring-context-6.0.10.jar;C:\Users\Ahmed\.m2\repository\org\springframework\spring-expression\6.0.10\spring-expression-6.0.10.jar;C:\Users\Ahmed\.m2\repository\org\springframework\boot\spring-boot-starter-data-jpa\3.1.1\spring-boot-starter-data-jpa-3.1.1.jar;C:\Users\Ahmed\.m2\repository\org\springframework\boot\spring-boot-starter-aop\3.1.1\spring-boot-starter-aop-3.1.1.jar;C:\Users\Ahmed\.m2\repository\org\aspectj\aspectjweaver\1.9.19\aspectjweaver-1.9.19.jar;C:\Users\Ahmed\.m2\repository\org\springframework\boot\spring-boot-starter-jdbc\3.1.1\spring-boot-starter-jdbc-3.1.1.jar;C:\Users\Ahmed\.m2\repository\com\zaxxer\HikariCP\5.0.1\HikariCP-5.0.1.jar;C:\Users\Ahmed\.m2\repository\org\springframework\spring-jdbc\6.0.10\spring-jdbc-6.0.10.jar;C:\Users\Ahmed\.m2\repository\org\hibernate\orm\hibernate-core\6.2.5.Final\hibernate-core-6.2.5.Final.jar;C:\Users\Ahmed\.m2\repository\jakarta\persistence\jakarta.persistence-api\3.1.0\jakarta.persistence-api-3.1.0.jar;C:\Users\Ahmed\.m2\repository\jakarta\transaction\jakarta.transaction-api\2.0.1\jakarta.transaction-api-2.0.1.jar;C:\Users\Ahmed\.m2\repository\org\jboss\logging\jboss-logging\3.5.1.Final\jboss-logging-3.5.1.Final.jar;C:\Users\Ahmed\.m2\repository\org\hibernate\common\hibernate-commons-annotations\6.0.6.Final\hibernate-commons-annotations-6.0.6.Final.jar;C:\Users\Ahmed\.m2\repository\io\smallrye\jandex\3.0.5\jandex-3.0.5.jar;C:\Users\Ahmed\.m2\repository\com\fasterxml\classmate\1.5.1\classmate-1.5.1.jar;C:\Users\Ahmed\.m2\repository\net\bytebuddy\byte-buddy\1.14.5\byte-buddy-1.14.5.jar;C:\Users\Ahmed\.m2\repository\org\glassfish\jaxb\jaxb-runtime\4.0.3\jaxb-runtime-4.0.3.jar;C:\Users\Ahmed\.m2\repository\org\glassfish\jaxb\jaxb-core\4.0.3\jaxb-core-4.0.3.jar;C:\Users\Ahmed\.m2\repository\org\eclipse\angus\angus-activation\2.0.1\angus-activation-2.0.1.jar;C:\Users\Ahmed\.m2\repository\org\glassfish\jaxb\txw2\4.0.3\txw2-4.0.3.jar;C:\Users\Ahmed\.m2\repository\com\sun\istack\istack-commons-runtime\4.1.2\istack-commons-runtime-4.1.2.jar;C:\Users\Ahmed\.m2\repository\jakarta\inject\jakarta.inject-api\2.0.1\jakarta.inject-api-2.0.1.jar;C:\Users\Ahmed\.m2\repository\org\antlr\antlr4-runtime\4.10.1\antlr4-runtime-4.10.1.jar;C:\Users\Ahmed\.m2\repository\org\springframework\data\spring-data-jpa\3.1.1\spring-data-jpa-3.1.1.jar;C:\Users\Ahmed\.m2\repository\org\springframework\data\spring-data-commons\3.1.1\spring-data-commons-3.1.1.jar;C:\Users\Ahmed\.m2\repository\org\springframework\spring-orm\6.0.10\spring-orm-6.0.10.jar;C:\Users\Ahmed\.m2\repository\org\springframework\spring-tx\6.0.10\spring-tx-6.0.10.jar;C:\Users\Ahmed\.m2\repository\org\springframework\spring-aspects\6.0.10\spring-aspects-6.0.10.jar;C:\Users\Ahmed\.m2\repository\org\springframework\boot\spring-boot-starter-security\3.1.1\spring-boot-starter-security-3.1.1.jar;C:\Users\Ahmed\.m2\repository\org\springframework\spring-aop\6.0.10\spring-aop-6.0.10.jar;C:\Users\Ahmed\.m2\repository\org\springframework\security\spring-security-config\6.1.1\spring-security-config-6.1.1.jar;C:\Users\Ahmed\.m2\repository\org\springframework\security\spring-security-web\6.1.1\spring-security-web-6.1.1.jar;C:\Users\Ahmed\.m2\repository\org\thymeleaf\extras\thymeleaf-extras-springsecurity6\3.1.1.RELEASE\thymeleaf-extras-springsecurity6-3.1.1.RELEASE.jar;C:\Users\Ahmed\.m2\repository\org\slf4j\slf4j-api\2.0.7\slf4j-api-2.0.7.jar;C:\Users\Ahmed\.m2\repository\org\springframework\security\spring-security-core\6.1.1\spring-security-core-6.1.1.jar;C:\Users\Ahmed\.m2\repository\org\springframework\security\spring-security-crypto\6.1.1\spring-security-crypto-6.1.1.jar;C:\Users\Ahmed\.m2\repository\org\springframework\spring-core\6.0.10\spring-core-6.0.10.jar;C:\Users\Ahmed\.m2\repository\org\springframework\spring-jcl\6.0.10\spring-jcl-6.0.10.jar;C:\Users\Ahmed\.m2\repository\org\postgresql\postgresql\42.6.0\postgresql-42.6.0.jar;C:\Users\Ahmed\.m2\repository\org\checkerframework\checker-qual\3.31.0\checker-qual-3.31.0.jar;C:\Users\Ahmed\.m2\repository\org\projectlombok\lombok\1.18.28\lombok-1.18.28.jar;C:\Users\Ahmed\.m2\repository\org\springframework\boot\spring-boot-devtools\3.1.1\spring-boot-devtools-3.1.1.jar;C:\Users\Ahmed\.m2\repository\org\springframework\boot\spring-boot\3.1.1\spring-boot-3.1.1.jar;C:\Users\Ahmed\.m2\repository\org\springframework\boot\spring-boot-autoconfigure\3.1.1\spring-boot-autoconfigure-3.1.1.jar;C:\Users\Ahmed\.m2\repository\jakarta\xml\bind\jakarta.xml.bind-api\4.0.0\jakarta.xml.bind-api-4.0.0.jar;C:\Users\Ahmed\.m2\repository\jakarta\activation\jakarta.activation-api\2.1.2\jakarta.activation-api-2.1.2.jar
Launcher Type: SUN_STANDARD

[Global flags]
     intx CICompilerCount                          = 3                                         {product} {ergonomic}
     uint ConcGCThreads                            = 1                                         {product} {ergonomic}
     uint G1ConcRefinementThreads                  = 4                                         {product} {ergonomic}
   size_t G1HeapRegionSize                         = 1048576                                   {product} {ergonomic}
    uintx GCDrainStackTargetSize                   = 64                                        {product} {ergonomic}
   size_t InitialHeapSize                          = 65011712                                  {product} {ergonomic}
     bool ManagementServer                         = true                                      {product} {command line}
   size_t MarkStackSize                            = 4194304                                   {product} {ergonomic}
   size_t MaxHeapSize                              = 1031798784                                {product} {ergonomic}
   size_t MaxNewSize                               = 618659840                                 {product} {ergonomic}
   size_t MinHeapDeltaBytes                        = 1048576                                   {product} {ergonomic}
   size_t MinHeapSize                              = 8388608                                   {product} {ergonomic}
    uintx NonProfiledCodeHeapSize                  = 0                                      {pd product} {ergonomic}
     bool ProfileInterpreter                       = false                                  {pd product} {command line}
    uintx ProfiledCodeHeapSize                     = 0                                      {pd product} {ergonomic}
   size_t SoftMaxHeapSize                          = 1031798784                             {manageable} {ergonomic}
     intx TieredStopAtLevel                        = 1                                         {product} {command line}
     bool UseCompressedClassPointers               = true                           {product lp64_product} {ergonomic}
     bool UseCompressedOops                        = true                           {product lp64_product} {ergonomic}
     bool UseG1GC                                  = true                                      {product} {ergonomic}
     bool UseLargePagesIndividualAllocation        = false                                  {pd product} {ergonomic}

Logging:
Log output configuration:
 #0: stdout all=warning uptime,level,tags foldmultilines=false
 #1: stderr all=off uptime,level,tags foldmultilines=false

Environment Variables:
JAVA_HOME=C:\Program Files\Java\jdk-19
CLASSPATH=C:\Program Files\Java\jdk-19\lib\*.jar
PATH=C:\Program Files\Common Files\Oracle\Java\javapath;C:\Program Files (x86)\Common Files\Oracle\Java\javapath;C:\Program Files\Microsoft\jdk-11.0.12.7-hotspot\bin;C:\Windows\system32;C:\Windows;C:\Windows\System32\Wbem;C:\Windows\System32\WindowsPowerShell\v1.0\;C:\Windows\System32\OpenSSH\;C:\Program Files\dotnet\;C:\Program Files\Microsoft SQL Server\150\Tools\Binn\;C:\Program Files\Microsoft SQL Server\Client SDK\ODBC\170\Tools\Binn\;C:\Program Files (x86)\STMicroelectronics\STM32 ST-LINK Utility\ST-LINK Utility;C:\CooCox\CoIDE\gcc\bin;C:\Program Files\Git\cmd;C:\Users\Ahmed\AppData\Roaming\Microsoft\Windows\Start Menu\Programs\Python 3.9\Scripts;C:\Program Files\Java\jdk-19\bin;C:\Users\Ahmed\IdeaProjects\apache-maven-3.9.0\bin;C:\Program Files (x86)\dotnet\;C:\Program Files\MySQL\MySQL Shell 8.0\bin\;C:\Users\Ahmed\AppData\Local\Programs\Python\Python310\Scripts\;C:\Users\Ahmed\AppData\Local\Programs\Python\Python310\;C:\Program Files (x86)\GNU Tools ARM Embedded\6 2017-q2-update\bin;C:\Users\Ahmed\AppData\Local\Microsoft\WindowsApps;C:\Users\Ahmed\.dotnet\tools;C:\Program Files\JetBrains\PyCharm 2022.2.3\bin;;C:\Users\Ahmed\AppData\Local\Programs\Microsoft VS Code\bin;C:\Program Files\Java\jdk-19\bin;C:\Program Files\JetBrains\IntelliJ IDEA 2022.2.3\bin;;C:\Program Files\JetBrains\PhpStorm 2022.2.3\bin;;C:\Users\Ahmed\AppData\Local\GitHubDesktop\bin
USERNAME=Ahmed
OS=Windows_NT
PROCESSOR_IDENTIFIER=Intel64 Family 6 Model 142 Stepping 12, GenuineIntel
TMP=C:\Users\Ahmed\AppData\Local\Temp
TEMP=C:\Users\Ahmed\AppData\Local\Temp



---------------  S Y S T E M  ---------------

OS:
 Windows 10 , 64 bit Build 19041 (10.0.19041.3031)
OS uptime: 16 days 6:40 hours

CPU: total 4 (initial active 4) (2 cores per cpu, 2 threads per core) family 6 model 142 stepping 12 microcode 0xc6, cx8, cmov, fxsr, ht, mmx, 3dnowpref, sse, sse2, sse3, ssse3, sse4.1, sse4.2, popcnt, lzcnt, tsc, tscinvbit, aes, erms, clmul, clflush, clflushopt, rdtscp

Memory: 4k page, system-wide physical 3930M (44M free)
TotalPageFile size 16218M (AvailPageFile size 0M)
current process WorkingSet (physical memory assigned to process): 99M, peak: 99M
current process commit charge ("private bytes"): 162M, peak: 162M

vm_info: OpenJDK 64-Bit Server VM (19.0.1+10-21) for windows-amd64 JRE (19.0.1+10-21), built on 2022-09-14T12:45:06Z by "mach5one" with MS VC++ 17.1 (VS2022)

END.
